2026-02-12 09:52:26,135 INFO  Logger.cs: 70 - 
--------------------------------------------------------------------------------
2026-02-12 09:52:26,204 INFO  Logger.cs: 71 - Logging commencing for SW2URDF exporter
2026-02-12 09:52:26,208 INFO  Logger.cs: 73 - Commit version 1.6.0-4-g7f85cfe
2026-02-12 09:52:26,208 INFO  Logger.cs: 74 - Build version 1.6.7995.38578
2026-02-12 09:52:26,212 INFO  SwAddin.cs: 192 - Attempting to connect to SW
2026-02-12 09:52:26,212 INFO  SwAddin.cs: 197 - Setting up callbacks
2026-02-12 09:52:26,214 INFO  SwAddin.cs: 201 - Setting up command manager
2026-02-12 09:52:26,214 INFO  SwAddin.cs: 204 - Adding command manager
2026-02-12 09:52:26,251 INFO  SwAddin.cs: 263 - Adding Assembly export to file menu
2026-02-12 09:52:26,263 INFO  SwAddin.cs: 272 - Adding Part export to file menu
2026-02-12 09:52:26,265 INFO  SwAddin.cs: 210 - Adding event handlers
2026-02-12 09:52:26,275 INFO  SwAddin.cs: 217 - Connecting plugin to SolidWorks
2026-02-12 09:53:19,757 INFO  SwAddin.cs: 351 - Part export called
2026-02-12 09:53:19,800 INFO  ExportHelperExtension.cs: 1125 - Retrieving features of type [CoordSys] from Scope 89 PTZ Camera.SLDPRT
2026-02-12 09:53:19,809 INFO  ExportHelperExtension.cs: 1136 - Found 69 in Scope 89 PTZ Camera.SLDPRT
2026-02-12 09:53:19,809 INFO  ExportHelperExtension.cs: 1145 - Found 0 features of type [CoordSys] in Scope 89 PTZ Camera.SLDPRT
2026-02-12 09:53:19,809 INFO  ExportHelperExtension.cs: 1125 - Retrieving features of type [RefAxis] from Scope 89 PTZ Camera.SLDPRT
2026-02-12 09:53:19,809 INFO  ExportHelperExtension.cs: 1136 - Found 69 in Scope 89 PTZ Camera.SLDPRT
2026-02-12 09:53:19,814 INFO  ExportHelperExtension.cs: 1145 - Found 0 features of type [RefAxis] in Scope 89 PTZ Camera.SLDPRT
2026-02-12 09:53:19,814 INFO  SwAddin.cs: 367 - Showing part
2026-02-12 09:53:31,745 INFO  SwAddin.cs: 294 - Assembly export called for file Assem1
2026-02-12 09:53:31,751 INFO  SwAddin.cs: 299 - Save is required
2026-02-12 09:53:31,751 INFO  SwAddin.cs: 313 - Saving assembly
2026-02-12 09:53:31,753 INFO  SwAddin.cs: 316 - Opening property manager
2026-02-12 09:53:31,753 INFO  ExportHelperExtension.cs: 1125 - Retrieving features of type [CoordSys] from Assem1
2026-02-12 09:53:31,753 INFO  ExportHelperExtension.cs: 1136 - Found 23 in Assem1
2026-02-12 09:53:31,753 INFO  ExportHelperExtension.cs: 1145 - Found 0 features of type [CoordSys] in Assem1
2026-02-12 09:53:31,753 INFO  ExportHelperExtension.cs: 1148 - Proceeding through assembly components
2026-02-12 09:53:31,759 INFO  ExportHelperExtension.cs: 1160 - 1 components to check
2026-02-12 09:53:31,759 INFO  ExportHelperExtension.cs: 1125 - Retrieving features of type [CoordSys] from Scope 89 PTZ Camera-1
2026-02-12 09:53:31,761 INFO  ExportHelperExtension.cs: 1136 - Found 69 in Scope 89 PTZ Camera-1
2026-02-12 09:53:31,761 INFO  ExportHelperExtension.cs: 1145 - Found 0 features of type [CoordSys] in Scope 89 PTZ Camera-1
2026-02-12 09:53:31,761 INFO  ExportHelperExtension.cs: 1125 - Retrieving features of type [RefAxis] from Assem1
2026-02-12 09:53:31,761 INFO  ExportHelperExtension.cs: 1136 - Found 23 in Assem1
2026-02-12 09:53:31,761 INFO  ExportHelperExtension.cs: 1145 - Found 0 features of type [RefAxis] in Assem1
2026-02-12 09:53:31,763 INFO  ExportHelperExtension.cs: 1148 - Proceeding through assembly components
2026-02-12 09:53:31,763 INFO  ExportHelperExtension.cs: 1160 - 1 components to check
2026-02-12 09:53:31,763 INFO  ExportHelperExtension.cs: 1125 - Retrieving features of type [RefAxis] from Scope 89 PTZ Camera-1
2026-02-12 09:53:31,763 INFO  ExportHelperExtension.cs: 1136 - Found 69 in Scope 89 PTZ Camera-1
2026-02-12 09:53:31,765 INFO  ExportHelperExtension.cs: 1145 - Found 0 features of type [RefAxis] in Scope 89 PTZ Camera-1
2026-02-12 09:53:31,958 INFO  SwAddin.cs: 339 - Loading config tree
2026-02-12 09:53:31,964 INFO  ExportPropertyManagerExtension.cs: 520 - Starting new configuration
2026-02-12 09:53:31,966 INFO  SwAddin.cs: 344 - Showing property manager
2026-02-12 09:53:34,291 INFO  ExportPropertyManager.cs: 416 - Configuration canceled
2026-02-12 09:53:34,334 INFO  ExportPropertyManager.cs: 1142 - AfterClose called. This method no longer throws an Exception. It just silently does nothing. Ok, except for this logging message
2026-02-12 09:59:21,823 INFO  SwAddin.cs: 294 - Assembly export called for file Scope 89 Camera Assy.SLDASM
2026-02-12 09:59:25,693 INFO  SwAddin.cs: 313 - Saving assembly
2026-02-12 09:59:25,914 INFO  SwAddin.cs: 316 - Opening property manager
2026-02-12 09:59:25,915 INFO  ExportHelperExtension.cs: 1125 - Retrieving features of type [CoordSys] from Scope 89 Camera Assy.SLDASM
2026-02-12 09:59:25,915 INFO  ExportHelperExtension.cs: 1136 - Found 29 in Scope 89 Camera Assy.SLDASM
2026-02-12 09:59:25,916 INFO  ExportHelperExtension.cs: 1145 - Found 0 features of type [CoordSys] in Scope 89 Camera Assy.SLDASM
2026-02-12 09:59:25,917 INFO  ExportHelperExtension.cs: 1148 - Proceeding through assembly components
2026-02-12 09:59:25,917 INFO  ExportHelperExtension.cs: 1160 - 3 components to check
2026-02-12 09:59:25,918 INFO  ExportHelperExtension.cs: 1125 - Retrieving features of type [CoordSys] from Camera Rotator Scope 89 PTZ Camera-1
2026-02-12 09:59:25,919 INFO  ExportHelperExtension.cs: 1136 - Found 70 in Camera Rotator Scope 89 PTZ Camera-1
2026-02-12 09:59:25,920 INFO  ExportHelperExtension.cs: 1145 - Found 0 features of type [CoordSys] in Camera Rotator Scope 89 PTZ Camera-1
2026-02-12 09:59:25,920 INFO  ExportHelperExtension.cs: 1125 - Retrieving features of type [CoordSys] from Camera Body Scope 89 PTZ Camera-1
2026-02-12 09:59:25,921 INFO  ExportHelperExtension.cs: 1136 - Found 70 in Camera Body Scope 89 PTZ Camera-1
2026-02-12 09:59:25,921 INFO  ExportHelperExtension.cs: 1145 - Found 0 features of type [CoordSys] in Camera Body Scope 89 PTZ Camera-1
2026-02-12 09:59:25,922 INFO  ExportHelperExtension.cs: 1125 - Retrieving features of type [CoordSys] from Camera Ball Scope 89 PTZ Camera-1
2026-02-12 09:59:25,923 INFO  ExportHelperExtension.cs: 1136 - Found 70 in Camera Ball Scope 89 PTZ Camera-1
2026-02-12 09:59:25,924 INFO  ExportHelperExtension.cs: 1145 - Found 0 features of type [CoordSys] in Camera Ball Scope 89 PTZ Camera-1
2026-02-12 09:59:25,924 INFO  ExportHelperExtension.cs: 1125 - Retrieving features of type [RefAxis] from Scope 89 Camera Assy.SLDASM
2026-02-12 09:59:25,925 INFO  ExportHelperExtension.cs: 1136 - Found 29 in Scope 89 Camera Assy.SLDASM
2026-02-12 09:59:25,925 INFO  ExportHelperExtension.cs: 1145 - Found 0 features of type [RefAxis] in Scope 89 Camera Assy.SLDASM
2026-02-12 09:59:25,926 INFO  ExportHelperExtension.cs: 1148 - Proceeding through assembly components
2026-02-12 09:59:25,926 INFO  ExportHelperExtension.cs: 1160 - 3 components to check
2026-02-12 09:59:25,926 INFO  ExportHelperExtension.cs: 1125 - Retrieving features of type [RefAxis] from Camera Rotator Scope 89 PTZ Camera-1
2026-02-12 09:59:25,927 INFO  ExportHelperExtension.cs: 1136 - Found 70 in Camera Rotator Scope 89 PTZ Camera-1
2026-02-12 09:59:25,927 INFO  ExportHelperExtension.cs: 1145 - Found 0 features of type [RefAxis] in Camera Rotator Scope 89 PTZ Camera-1
2026-02-12 09:59:25,928 INFO  ExportHelperExtension.cs: 1125 - Retrieving features of type [RefAxis] from Camera Body Scope 89 PTZ Camera-1
2026-02-12 09:59:25,929 INFO  ExportHelperExtension.cs: 1136 - Found 70 in Camera Body Scope 89 PTZ Camera-1
2026-02-12 09:59:25,930 INFO  ExportHelperExtension.cs: 1145 - Found 0 features of type [RefAxis] in Camera Body Scope 89 PTZ Camera-1
2026-02-12 09:59:25,930 INFO  ExportHelperExtension.cs: 1125 - Retrieving features of type [RefAxis] from Camera Ball Scope 89 PTZ Camera-1
2026-02-12 09:59:25,931 INFO  ExportHelperExtension.cs: 1136 - Found 70 in Camera Ball Scope 89 PTZ Camera-1
2026-02-12 09:59:25,932 INFO  ExportHelperExtension.cs: 1145 - Found 0 features of type [RefAxis] in Camera Ball Scope 89 PTZ Camera-1
2026-02-12 09:59:26,081 INFO  SwAddin.cs: 339 - Loading config tree
2026-02-12 09:59:26,082 INFO  ExportPropertyManagerExtension.cs: 520 - Starting new configuration
2026-02-12 09:59:26,083 INFO  SwAddin.cs: 344 - Showing property manager
2026-02-12 09:59:36,999 INFO  ExportPropertyManager.cs: 1136 - OnNumberBoxTrackingCompleted called. This method no longer throws an Exception. It just silently does nothing. Ok, except for this logging message
2026-02-12 09:59:39,768 INFO  ExportPropertyManager.cs: 1136 - OnNumberBoxTrackingCompleted called. This method no longer throws an Exception. It just silently does nothing. Ok, except for this logging message
2026-02-12 09:59:44,400 INFO  ExportPropertyManager.cs: 1136 - OnNumberBoxTrackingCompleted called. This method no longer throws an Exception. It just silently does nothing. Ok, except for this logging message
2026-02-12 09:59:48,375 INFO  ExportPropertyManager.cs: 1136 - OnNumberBoxTrackingCompleted called. This method no longer throws an Exception. It just silently does nothing. Ok, except for this logging message
2026-02-12 09:59:49,490 INFO  ExportPropertyManager.cs: 1136 - OnNumberBoxTrackingCompleted called. This method no longer throws an Exception. It just silently does nothing. Ok, except for this logging message
2026-02-12 10:01:17,447 INFO  ExportPropertyManager.cs: 422 - Configuration saved
2026-02-12 10:01:17,594 INFO  ExportPropertyManager.cs: 1142 - AfterClose called. This method no longer throws an Exception. It just silently does nothing. Ok, except for this logging message
2026-02-12 10:41:05,522 INFO  SwAddin.cs: 294 - Assembly export called for file Scope 89 Camera Assy.SLDASM
2026-02-12 10:41:07,300 INFO  SwAddin.cs: 313 - Saving assembly
2026-02-12 10:41:07,589 INFO  SwAddin.cs: 316 - Opening property manager
2026-02-12 10:41:07,590 INFO  ExportHelperExtension.cs: 1125 - Retrieving features of type [CoordSys] from Scope 89 Camera Assy.SLDASM
2026-02-12 10:41:07,590 INFO  ExportHelperExtension.cs: 1136 - Found 35 in Scope 89 Camera Assy.SLDASM
2026-02-12 10:41:07,591 INFO  ExportHelperExtension.cs: 1145 - Found 2 features of type [CoordSys] in Scope 89 Camera Assy.SLDASM
2026-02-12 10:41:07,591 INFO  ExportHelperExtension.cs: 1148 - Proceeding through assembly components
2026-02-12 10:41:07,592 INFO  ExportHelperExtension.cs: 1160 - 3 components to check
2026-02-12 10:41:07,592 INFO  ExportHelperExtension.cs: 1125 - Retrieving features of type [CoordSys] from Camera Rotator Scope 89 PTZ Camera-1
2026-02-12 10:41:07,593 INFO  ExportHelperExtension.cs: 1136 - Found 70 in Camera Rotator Scope 89 PTZ Camera-1
2026-02-12 10:41:07,594 INFO  ExportHelperExtension.cs: 1145 - Found 0 features of type [CoordSys] in Camera Rotator Scope 89 PTZ Camera-1
2026-02-12 10:41:07,594 INFO  ExportHelperExtension.cs: 1125 - Retrieving features of type [CoordSys] from Camera Body Scope 89 PTZ Camera-1
2026-02-12 10:41:07,595 INFO  ExportHelperExtension.cs: 1136 - Found 70 in Camera Body Scope 89 PTZ Camera-1
2026-02-12 10:41:07,596 INFO  ExportHelperExtension.cs: 1145 - Found 0 features of type [CoordSys] in Camera Body Scope 89 PTZ Camera-1
2026-02-12 10:41:07,597 INFO  ExportHelperExtension.cs: 1125 - Retrieving features of type [CoordSys] from Camera Ball Scope 89 PTZ Camera-1
2026-02-12 10:41:07,597 INFO  ExportHelperExtension.cs: 1136 - Found 70 in Camera Ball Scope 89 PTZ Camera-1
2026-02-12 10:41:07,599 INFO  ExportHelperExtension.cs: 1145 - Found 0 features of type [CoordSys] in Camera Ball Scope 89 PTZ Camera-1
2026-02-12 10:41:07,599 INFO  ExportHelperExtension.cs: 1125 - Retrieving features of type [RefAxis] from Scope 89 Camera Assy.SLDASM
2026-02-12 10:41:07,600 INFO  ExportHelperExtension.cs: 1136 - Found 35 in Scope 89 Camera Assy.SLDASM
2026-02-12 10:41:07,601 INFO  ExportHelperExtension.cs: 1145 - Found 2 features of type [RefAxis] in Scope 89 Camera Assy.SLDASM
2026-02-12 10:41:07,601 INFO  ExportHelperExtension.cs: 1148 - Proceeding through assembly components
2026-02-12 10:41:07,601 INFO  ExportHelperExtension.cs: 1160 - 3 components to check
2026-02-12 10:41:07,602 INFO  ExportHelperExtension.cs: 1125 - Retrieving features of type [RefAxis] from Camera Rotator Scope 89 PTZ Camera-1
2026-02-12 10:41:07,603 INFO  ExportHelperExtension.cs: 1136 - Found 70 in Camera Rotator Scope 89 PTZ Camera-1
2026-02-12 10:41:07,603 INFO  ExportHelperExtension.cs: 1145 - Found 0 features of type [RefAxis] in Camera Rotator Scope 89 PTZ Camera-1
2026-02-12 10:41:07,604 INFO  ExportHelperExtension.cs: 1125 - Retrieving features of type [RefAxis] from Camera Body Scope 89 PTZ Camera-1
2026-02-12 10:41:07,604 INFO  ExportHelperExtension.cs: 1136 - Found 70 in Camera Body Scope 89 PTZ Camera-1
2026-02-12 10:41:07,605 INFO  ExportHelperExtension.cs: 1145 - Found 0 features of type [RefAxis] in Camera Body Scope 89 PTZ Camera-1
2026-02-12 10:41:07,606 INFO  ExportHelperExtension.cs: 1125 - Retrieving features of type [RefAxis] from Camera Ball Scope 89 PTZ Camera-1
2026-02-12 10:41:07,606 INFO  ExportHelperExtension.cs: 1136 - Found 70 in Camera Ball Scope 89 PTZ Camera-1
2026-02-12 10:41:07,607 INFO  ExportHelperExtension.cs: 1145 - Found 0 features of type [RefAxis] in Camera Ball Scope 89 PTZ Camera-1
2026-02-12 10:41:07,733 INFO  SwAddin.cs: 339 - Loading config tree
2026-02-12 10:41:07,733 INFO  ExportPropertyManagerExtension.cs: 520 - Starting new configuration
2026-02-12 10:41:07,735 INFO  SwAddin.cs: 344 - Showing property manager
2026-02-12 10:46:54,766 INFO  ExportPropertyManager.cs: 416 - Configuration canceled
2026-02-12 10:46:54,811 INFO  ExportPropertyManager.cs: 1142 - AfterClose called. This method no longer throws an Exception. It just silently does nothing. Ok, except for this logging message
2026-02-12 15:52:50,141 INFO  SwAddin.cs: 294 - Assembly export called for file Scope 89 Camera Assy.SLDASM
2026-02-12 15:52:52,730 INFO  SwAddin.cs: 313 - Saving assembly
2026-02-12 15:52:52,992 INFO  SwAddin.cs: 316 - Opening property manager
2026-02-12 15:52:52,993 INFO  ExportHelperExtension.cs: 1125 - Retrieving features of type [CoordSys] from Scope 89 Camera Assy.SLDASM
2026-02-12 15:52:52,994 INFO  ExportHelperExtension.cs: 1136 - Found 35 in Scope 89 Camera Assy.SLDASM
2026-02-12 15:52:52,994 INFO  ExportHelperExtension.cs: 1145 - Found 2 features of type [CoordSys] in Scope 89 Camera Assy.SLDASM
2026-02-12 15:52:52,995 INFO  ExportHelperExtension.cs: 1148 - Proceeding through assembly components
2026-02-12 15:52:52,995 INFO  ExportHelperExtension.cs: 1160 - 3 components to check
2026-02-12 15:52:52,996 INFO  ExportHelperExtension.cs: 1125 - Retrieving features of type [CoordSys] from Camera Rotator Scope 89 PTZ Camera-1
2026-02-12 15:52:52,996 INFO  ExportHelperExtension.cs: 1136 - Found 70 in Camera Rotator Scope 89 PTZ Camera-1
2026-02-12 15:52:52,997 INFO  ExportHelperExtension.cs: 1145 - Found 0 features of type [CoordSys] in Camera Rotator Scope 89 PTZ Camera-1
2026-02-12 15:52:52,998 INFO  ExportHelperExtension.cs: 1125 - Retrieving features of type [CoordSys] from Camera Body Scope 89 PTZ Camera-1
2026-02-12 15:52:52,999 INFO  ExportHelperExtension.cs: 1136 - Found 70 in Camera Body Scope 89 PTZ Camera-1
2026-02-12 15:52:52,999 INFO  ExportHelperExtension.cs: 1145 - Found 0 features of type [CoordSys] in Camera Body Scope 89 PTZ Camera-1
2026-02-12 15:52:53,000 INFO  ExportHelperExtension.cs: 1125 - Retrieving features of type [CoordSys] from Camera Ball Scope 89 PTZ Camera-1
2026-02-12 15:52:53,001 INFO  ExportHelperExtension.cs: 1136 - Found 70 in Camera Ball Scope 89 PTZ Camera-1
2026-02-12 15:52:53,002 INFO  ExportHelperExtension.cs: 1145 - Found 0 features of type [CoordSys] in Camera Ball Scope 89 PTZ Camera-1
2026-02-12 15:52:53,002 INFO  ExportHelperExtension.cs: 1125 - Retrieving features of type [RefAxis] from Scope 89 Camera Assy.SLDASM
2026-02-12 15:52:53,003 INFO  ExportHelperExtension.cs: 1136 - Found 35 in Scope 89 Camera Assy.SLDASM
2026-02-12 15:52:53,004 INFO  ExportHelperExtension.cs: 1145 - Found 2 features of type [RefAxis] in Scope 89 Camera Assy.SLDASM
2026-02-12 15:52:53,004 INFO  ExportHelperExtension.cs: 1148 - Proceeding through assembly components
2026-02-12 15:52:53,005 INFO  ExportHelperExtension.cs: 1160 - 3 components to check
2026-02-12 15:52:53,005 INFO  ExportHelperExtension.cs: 1125 - Retrieving features of type [RefAxis] from Camera Rotator Scope 89 PTZ Camera-1
2026-02-12 15:52:53,006 INFO  ExportHelperExtension.cs: 1136 - Found 70 in Camera Rotator Scope 89 PTZ Camera-1
2026-02-12 15:52:53,007 INFO  ExportHelperExtension.cs: 1145 - Found 0 features of type [RefAxis] in Camera Rotator Scope 89 PTZ Camera-1
2026-02-12 15:52:53,007 INFO  ExportHelperExtension.cs: 1125 - Retrieving features of type [RefAxis] from Camera Body Scope 89 PTZ Camera-1
2026-02-12 15:52:53,008 INFO  ExportHelperExtension.cs: 1136 - Found 70 in Camera Body Scope 89 PTZ Camera-1
2026-02-12 15:52:53,009 INFO  ExportHelperExtension.cs: 1145 - Found 0 features of type [RefAxis] in Camera Body Scope 89 PTZ Camera-1
2026-02-12 15:52:53,009 INFO  ExportHelperExtension.cs: 1125 - Retrieving features of type [RefAxis] from Camera Ball Scope 89 PTZ Camera-1
2026-02-12 15:52:53,010 INFO  ExportHelperExtension.cs: 1136 - Found 70 in Camera Ball Scope 89 PTZ Camera-1
2026-02-12 15:52:53,011 INFO  ExportHelperExtension.cs: 1145 - Found 0 features of type [RefAxis] in Camera Ball Scope 89 PTZ Camera-1
2026-02-12 15:52:53,124 INFO  SwAddin.cs: 339 - Loading config tree
2026-02-12 15:52:53,125 INFO  ExportPropertyManagerExtension.cs: 520 - Starting new configuration
2026-02-12 15:52:53,127 INFO  SwAddin.cs: 344 - Showing property manager
2026-02-12 15:54:42,985 INFO  ExportPropertyManager.cs: 1136 - OnNumberBoxTrackingCompleted called. This method no longer throws an Exception. It just silently does nothing. Ok, except for this logging message
2026-02-12 15:54:43,664 INFO  ExportPropertyManager.cs: 1136 - OnNumberBoxTrackingCompleted called. This method no longer throws an Exception. It just silently does nothing. Ok, except for this logging message
2026-02-12 15:54:45,670 INFO  ExportPropertyManager.cs: 1136 - OnNumberBoxTrackingCompleted called. This method no longer throws an Exception. It just silently does nothing. Ok, except for this logging message
2026-02-12 15:54:53,292 INFO  ExportPropertyManager.cs: 1018 - OnComboboxSelectionChanged called. This method no longer throws an Exception. It just silently does nothing. Ok, except for this logging message
2026-02-12 15:56:13,437 INFO  ExportPropertyManager.cs: 1018 - OnComboboxSelectionChanged called. This method no longer throws an Exception. It just silently does nothing. Ok, except for this logging message
2026-02-12 15:56:15,087 INFO  ExportPropertyManager.cs: 1018 - OnComboboxSelectionChanged called. This method no longer throws an Exception. It just silently does nothing. Ok, except for this logging message
2026-02-12 15:56:17,338 INFO  ExportPropertyManager.cs: 1136 - OnNumberBoxTrackingCompleted called. This method no longer throws an Exception. It just silently does nothing. Ok, except for this logging message
2026-02-12 15:56:36,339 INFO  ExportPropertyManager.cs: 1018 - OnComboboxSelectionChanged called. This method no longer throws an Exception. It just silently does nothing. Ok, except for this logging message
2026-02-12 15:56:38,041 INFO  ExportPropertyManager.cs: 1018 - OnComboboxSelectionChanged called. This method no longer throws an Exception. It just silently does nothing. Ok, except for this logging message
2026-02-12 15:56:45,194 INFO  ExportPropertyManager.cs: 422 - Configuration saved
2026-02-12 15:56:45,289 INFO  ExportHelperExtension.cs: 347 - Creating joint Rotator_Link
2026-02-12 15:56:45,295 INFO  ExportHelperExtension.cs: 1397 - Fixing components for base_link
2026-02-12 15:56:45,296 INFO  ExportHelperExtension.cs: 1402 - Fixing 25
2026-02-12 15:56:45,296 INFO  ExportHelperExtension.cs: 1409 - Component 25 is already fixed
2026-02-12 15:56:45,522 INFO  : 0 - R1: 1, System.__ComObject, 1, System.Double[]
2026-02-12 15:56:45,524 INFO  ExportHelperExtension.cs: 841 - R2: 0, 0
2026-02-12 15:56:45,525 INFO  ExportHelperExtension.cs: 849 - L1: 0
2026-02-12 15:56:45,525 INFO  ExportHelperExtension.cs: 857 - L2: 0
2026-02-12 15:56:45,701 WARN  ExportHelperExtension.cs: 351 - Creating joint from parent base_link to child Rotator_Link failed
2026-02-12 15:56:45,710 INFO  ExportHelperExtension.cs: 347 - Creating joint Camera_ball_Link
2026-02-12 15:56:45,711 INFO  ExportHelperExtension.cs: 1397 - Fixing components for Rotator_Link
2026-02-12 15:56:45,711 INFO  ExportHelperExtension.cs: 1402 - Fixing 27
2026-02-12 15:56:45,712 INFO  ExportHelperExtension.cs: 1402 - Fixing 25
2026-02-12 15:56:45,712 INFO  ExportHelperExtension.cs: 1409 - Component 25 is already fixed
2026-02-12 15:56:45,977 ERROR ExportPropertyManager.cs: 399 - Exception caught handling button press 17
System.NullReferenceException: Object reference not set to an instance of an object.
   at SW2URDF.URDFExport.ExportHelper.SuppressLimitMates(IComponent2 component) in C:\Users\Stephen Brawner\workspace\solidworks_urdf_exporter\SW2URDF\URDFExport\ExportHelperExtension.cs:line 1308
   at SW2URDF.URDFExport.ExportHelper.EstimateGlobalJointFromComponents(Link parent, Link child) in C:\Users\Stephen Brawner\workspace\solidworks_urdf_exporter\SW2URDF\URDFExport\ExportHelperExtension.cs:line 814
   at SW2URDF.URDFExport.ExportHelper.CreateJoint(Link parent, Link child) in C:\Users\Stephen Brawner\workspace\solidworks_urdf_exporter\SW2URDF\URDFExport\ExportHelperExtension.cs:line 425
   at SW2URDF.URDFExport.ExportHelper.CreateLinkFromComponents(Link parent, LinkNode node) in C:\Users\Stephen Brawner\workspace\solidworks_urdf_exporter\SW2URDF\URDFExport\ExportHelperExtension.cs:line 348
   at SW2URDF.URDFExport.ExportHelper.CreateLink(LinkNode node, Int32 count) in C:\Users\Stephen Brawner\workspace\solidworks_urdf_exporter\SW2URDF\URDFExport\ExportHelperExtension.cs:line 215
   at SW2URDF.URDFExport.ExportHelper.CreateLink(LinkNode node, Int32 count) in C:\Users\Stephen Brawner\workspace\solidworks_urdf_exporter\SW2URDF\URDFExport\ExportHelperExtension.cs:line 227
   at SW2URDF.URDFExport.ExportHelper.CreateLink(LinkNode node, Int32 count) in C:\Users\Stephen Brawner\workspace\solidworks_urdf_exporter\SW2URDF\URDFExport\ExportHelperExtension.cs:line 227
   at SW2URDF.URDFExport.ExportHelper.CreateRobotFromTreeView(LinkNode baseNode) in C:\Users\Stephen Brawner\workspace\solidworks_urdf_exporter\SW2URDF\URDFExport\ExportHelperExtension.cs:line 169
   at SW2URDF.URDFExport.ExportPropertyManager.ExportButtonPress() in C:\Users\Stephen Brawner\workspace\solidworks_urdf_exporter\SW2URDF\URDFExport\ExportPropertyManager.cs:line 239
   at SW2URDF.URDFExport.ExportPropertyManager.OnButtonPress(Int32 Id) in C:\Users\Stephen Brawner\workspace\solidworks_urdf_exporter\SW2URDF\URDFExport\ExportPropertyManager.cs:line 381
   at SW2URDF.URDFExport.ExportPropertyManager.SolidWorks.Interop.swpublished.IPropertyManagerPage2Handler9.OnButtonPress(Int32 Id) in C:\Users\Stephen Brawner\workspace\solidworks_urdf_exporter\SW2URDF\URDFExport\ExportPropertyManager.cs:line 399
2026-02-12 15:56:46,045 INFO  ExportPropertyManager.cs: 1142 - AfterClose called. This method no longer throws an Exception. It just silently does nothing. Ok, except for this logging message
2026-02-12 15:57:15,735 INFO  SwAddin.cs: 294 - Assembly export called for file Scope 89 Camera Assy.SLDASM
2026-02-12 15:57:15,735 INFO  SwAddin.cs: 299 - Save is required
2026-02-12 15:57:15,736 INFO  SwAddin.cs: 313 - Saving assembly
2026-02-12 15:57:16,096 INFO  SwAddin.cs: 316 - Opening property manager
2026-02-12 15:57:16,098 INFO  ExportHelperExtension.cs: 1125 - Retrieving features of type [CoordSys] from Scope 89 Camera Assy.SLDASM
2026-02-12 15:57:16,099 INFO  ExportHelperExtension.cs: 1136 - Found 35 in Scope 89 Camera Assy.SLDASM
2026-02-12 15:57:16,101 INFO  ExportHelperExtension.cs: 1145 - Found 2 features of type [CoordSys] in Scope 89 Camera Assy.SLDASM
2026-02-12 15:57:16,101 INFO  ExportHelperExtension.cs: 1148 - Proceeding through assembly components
2026-02-12 15:57:16,102 INFO  ExportHelperExtension.cs: 1160 - 3 components to check
2026-02-12 15:57:16,103 INFO  ExportHelperExtension.cs: 1125 - Retrieving features of type [CoordSys] from Camera Rotator Scope 89 PTZ Camera-1
2026-02-12 15:57:16,104 INFO  ExportHelperExtension.cs: 1136 - Found 70 in Camera Rotator Scope 89 PTZ Camera-1
2026-02-12 15:57:16,105 INFO  ExportHelperExtension.cs: 1145 - Found 0 features of type [CoordSys] in Camera Rotator Scope 89 PTZ Camera-1
2026-02-12 15:57:16,105 INFO  ExportHelperExtension.cs: 1125 - Retrieving features of type [CoordSys] from Camera Body Scope 89 PTZ Camera-1
2026-02-12 15:57:16,106 INFO  ExportHelperExtension.cs: 1136 - Found 70 in Camera Body Scope 89 PTZ Camera-1
2026-02-12 15:57:16,107 INFO  ExportHelperExtension.cs: 1145 - Found 0 features of type [CoordSys] in Camera Body Scope 89 PTZ Camera-1
2026-02-12 15:57:16,108 INFO  ExportHelperExtension.cs: 1125 - Retrieving features of type [CoordSys] from Camera Ball Scope 89 PTZ Camera-1
2026-02-12 15:57:16,109 INFO  ExportHelperExtension.cs: 1136 - Found 70 in Camera Ball Scope 89 PTZ Camera-1
2026-02-12 15:57:16,110 INFO  ExportHelperExtension.cs: 1145 - Found 0 features of type [CoordSys] in Camera Ball Scope 89 PTZ Camera-1
2026-02-12 15:57:16,111 INFO  ExportHelperExtension.cs: 1125 - Retrieving features of type [RefAxis] from Scope 89 Camera Assy.SLDASM
2026-02-12 15:57:16,112 INFO  ExportHelperExtension.cs: 1136 - Found 35 in Scope 89 Camera Assy.SLDASM
2026-02-12 15:57:16,112 INFO  ExportHelperExtension.cs: 1145 - Found 2 features of type [RefAxis] in Scope 89 Camera Assy.SLDASM
2026-02-12 15:57:16,113 INFO  ExportHelperExtension.cs: 1148 - Proceeding through assembly components
2026-02-12 15:57:16,113 INFO  ExportHelperExtension.cs: 1160 - 3 components to check
2026-02-12 15:57:16,114 INFO  ExportHelperExtension.cs: 1125 - Retrieving features of type [RefAxis] from Camera Rotator Scope 89 PTZ Camera-1
2026-02-12 15:57:16,114 INFO  ExportHelperExtension.cs: 1136 - Found 70 in Camera Rotator Scope 89 PTZ Camera-1
2026-02-12 15:57:16,115 INFO  ExportHelperExtension.cs: 1145 - Found 0 features of type [RefAxis] in Camera Rotator Scope 89 PTZ Camera-1
2026-02-12 15:57:16,115 INFO  ExportHelperExtension.cs: 1125 - Retrieving features of type [RefAxis] from Camera Body Scope 89 PTZ Camera-1
2026-02-12 15:57:16,116 INFO  ExportHelperExtension.cs: 1136 - Found 70 in Camera Body Scope 89 PTZ Camera-1
2026-02-12 15:57:16,117 INFO  ExportHelperExtension.cs: 1145 - Found 0 features of type [RefAxis] in Camera Body Scope 89 PTZ Camera-1
2026-02-12 15:57:16,117 INFO  ExportHelperExtension.cs: 1125 - Retrieving features of type [RefAxis] from Camera Ball Scope 89 PTZ Camera-1
2026-02-12 15:57:16,118 INFO  ExportHelperExtension.cs: 1136 - Found 70 in Camera Ball Scope 89 PTZ Camera-1
2026-02-12 15:57:16,119 INFO  ExportHelperExtension.cs: 1145 - Found 0 features of type [RefAxis] in Camera Ball Scope 89 PTZ Camera-1
2026-02-12 15:57:16,255 INFO  SwAddin.cs: 339 - Loading config tree
2026-02-12 15:57:16,256 INFO  ExportPropertyManagerExtension.cs: 520 - Starting new configuration
2026-02-12 15:57:16,258 INFO  SwAddin.cs: 344 - Showing property manager
2026-02-12 15:57:23,930 INFO  ExportPropertyManager.cs: 1018 - OnComboboxSelectionChanged called. This method no longer throws an Exception. It just silently does nothing. Ok, except for this logging message
2026-02-12 15:57:26,100 INFO  ExportPropertyManager.cs: 416 - Configuration canceled
2026-02-12 15:57:26,145 INFO  ExportPropertyManager.cs: 1142 - AfterClose called. This method no longer throws an Exception. It just silently does nothing. Ok, except for this logging message
2026-02-12 15:58:05,877 INFO  SwAddin.cs: 294 - Assembly export called for file Scope 89 Camera Assy.SLDASM
2026-02-12 15:58:07,702 INFO  SwAddin.cs: 313 - Saving assembly
2026-02-12 15:58:07,995 INFO  SwAddin.cs: 316 - Opening property manager
2026-02-12 15:58:07,996 INFO  ExportHelperExtension.cs: 1125 - Retrieving features of type [CoordSys] from Scope 89 Camera Assy.SLDASM
2026-02-12 15:58:07,997 INFO  ExportHelperExtension.cs: 1136 - Found 36 in Scope 89 Camera Assy.SLDASM
2026-02-12 15:58:07,997 INFO  ExportHelperExtension.cs: 1145 - Found 3 features of type [CoordSys] in Scope 89 Camera Assy.SLDASM
2026-02-12 15:58:07,998 INFO  ExportHelperExtension.cs: 1148 - Proceeding through assembly components
2026-02-12 15:58:07,998 INFO  ExportHelperExtension.cs: 1160 - 3 components to check
2026-02-12 15:58:07,999 INFO  ExportHelperExtension.cs: 1125 - Retrieving features of type [CoordSys] from Camera Rotator Scope 89 PTZ Camera-1
2026-02-12 15:58:08,000 INFO  ExportHelperExtension.cs: 1136 - Found 70 in Camera Rotator Scope 89 PTZ Camera-1
2026-02-12 15:58:08,000 INFO  ExportHelperExtension.cs: 1145 - Found 0 features of type [CoordSys] in Camera Rotator Scope 89 PTZ Camera-1
2026-02-12 15:58:08,001 INFO  ExportHelperExtension.cs: 1125 - Retrieving features of type [CoordSys] from Camera Body Scope 89 PTZ Camera-1
2026-02-12 15:58:08,002 INFO  ExportHelperExtension.cs: 1136 - Found 70 in Camera Body Scope 89 PTZ Camera-1
2026-02-12 15:58:08,002 INFO  ExportHelperExtension.cs: 1145 - Found 0 features of type [CoordSys] in Camera Body Scope 89 PTZ Camera-1
2026-02-12 15:58:08,003 INFO  ExportHelperExtension.cs: 1125 - Retrieving features of type [CoordSys] from Camera Ball Scope 89 PTZ Camera-1
2026-02-12 15:58:08,004 INFO  ExportHelperExtension.cs: 1136 - Found 70 in Camera Ball Scope 89 PTZ Camera-1
2026-02-12 15:58:08,004 INFO  ExportHelperExtension.cs: 1145 - Found 0 features of type [CoordSys] in Camera Ball Scope 89 PTZ Camera-1
2026-02-12 15:58:08,005 INFO  ExportHelperExtension.cs: 1125 - Retrieving features of type [RefAxis] from Scope 89 Camera Assy.SLDASM
2026-02-12 15:58:08,006 INFO  ExportHelperExtension.cs: 1136 - Found 36 in Scope 89 Camera Assy.SLDASM
2026-02-12 15:58:08,006 INFO  ExportHelperExtension.cs: 1145 - Found 2 features of type [RefAxis] in Scope 89 Camera Assy.SLDASM
2026-02-12 15:58:08,007 INFO  ExportHelperExtension.cs: 1148 - Proceeding through assembly components
2026-02-12 15:58:08,007 INFO  ExportHelperExtension.cs: 1160 - 3 components to check
2026-02-12 15:58:08,008 INFO  ExportHelperExtension.cs: 1125 - Retrieving features of type [RefAxis] from Camera Rotator Scope 89 PTZ Camera-1
2026-02-12 15:58:08,008 INFO  ExportHelperExtension.cs: 1136 - Found 70 in Camera Rotator Scope 89 PTZ Camera-1
2026-02-12 15:58:08,009 INFO  ExportHelperExtension.cs: 1145 - Found 0 features of type [RefAxis] in Camera Rotator Scope 89 PTZ Camera-1
2026-02-12 15:58:08,010 INFO  ExportHelperExtension.cs: 1125 - Retrieving features of type [RefAxis] from Camera Body Scope 89 PTZ Camera-1
2026-02-12 15:58:08,010 INFO  ExportHelperExtension.cs: 1136 - Found 70 in Camera Body Scope 89 PTZ Camera-1
2026-02-12 15:58:08,011 INFO  ExportHelperExtension.cs: 1145 - Found 0 features of type [RefAxis] in Camera Body Scope 89 PTZ Camera-1
2026-02-12 15:58:08,012 INFO  ExportHelperExtension.cs: 1125 - Retrieving features of type [RefAxis] from Camera Ball Scope 89 PTZ Camera-1
2026-02-12 15:58:08,012 INFO  ExportHelperExtension.cs: 1136 - Found 70 in Camera Ball Scope 89 PTZ Camera-1
2026-02-12 15:58:08,013 INFO  ExportHelperExtension.cs: 1145 - Found 0 features of type [RefAxis] in Camera Ball Scope 89 PTZ Camera-1
2026-02-12 15:58:08,149 INFO  SwAddin.cs: 339 - Loading config tree
2026-02-12 15:58:08,150 INFO  ExportPropertyManagerExtension.cs: 520 - Starting new configuration
2026-02-12 15:58:08,153 INFO  SwAddin.cs: 344 - Showing property manager
2026-02-12 15:58:50,947 INFO  ExportPropertyManager.cs: 1018 - OnComboboxSelectionChanged called. This method no longer throws an Exception. It just silently does nothing. Ok, except for this logging message
2026-02-12 15:58:53,876 INFO  ExportPropertyManager.cs: 1136 - OnNumberBoxTrackingCompleted called. This method no longer throws an Exception. It just silently does nothing. Ok, except for this logging message
2026-02-12 15:59:09,030 INFO  ExportPropertyManager.cs: 1018 - OnComboboxSelectionChanged called. This method no longer throws an Exception. It just silently does nothing. Ok, except for this logging message
2026-02-12 15:59:10,320 INFO  ExportPropertyManager.cs: 1018 - OnComboboxSelectionChanged called. This method no longer throws an Exception. It just silently does nothing. Ok, except for this logging message
2026-02-12 15:59:14,792 INFO  ExportPropertyManager.cs: 1018 - OnComboboxSelectionChanged called. This method no longer throws an Exception. It just silently does nothing. Ok, except for this logging message
2026-02-12 15:59:27,084 INFO  ExportPropertyManager.cs: 1136 - OnNumberBoxTrackingCompleted called. This method no longer throws an Exception. It just silently does nothing. Ok, except for this logging message
2026-02-12 15:59:43,035 INFO  ExportPropertyManager.cs: 1018 - OnComboboxSelectionChanged called. This method no longer throws an Exception. It just silently does nothing. Ok, except for this logging message
2026-02-12 15:59:45,219 INFO  ExportPropertyManager.cs: 1018 - OnComboboxSelectionChanged called. This method no longer throws an Exception. It just silently does nothing. Ok, except for this logging message
2026-02-12 15:59:50,819 INFO  ExportPropertyManager.cs: 1018 - OnComboboxSelectionChanged called. This method no longer throws an Exception. It just silently does nothing. Ok, except for this logging message
2026-02-12 15:59:52,494 INFO  ExportPropertyManager.cs: 1018 - OnComboboxSelectionChanged called. This method no longer throws an Exception. It just silently does nothing. Ok, except for this logging message
2026-02-12 16:00:22,998 INFO  ExportPropertyManager.cs: 1018 - OnComboboxSelectionChanged called. This method no longer throws an Exception. It just silently does nothing. Ok, except for this logging message
2026-02-12 16:00:26,391 INFO  ExportPropertyManager.cs: 1018 - OnComboboxSelectionChanged called. This method no longer throws an Exception. It just silently does nothing. Ok, except for this logging message
2026-02-12 16:01:12,714 INFO  ExportPropertyManager.cs: 422 - Configuration saved
2026-02-12 16:01:12,797 INFO  ExportHelperExtension.cs: 347 - Creating joint Pan_Link
2026-02-12 16:01:12,843 WARN  ExportHelperExtension.cs: 351 - Creating joint from parent base_link to child Pan_Link failed
2026-02-12 16:01:12,863 INFO  ExportHelperExtension.cs: 347 - Creating joint Tilt_Link
2026-02-12 16:01:12,891 WARN  ExportHelperExtension.cs: 351 - Creating joint from parent Pan_Link to child Tilt_Link failed
2026-02-12 16:01:13,036 INFO  ExportHelperExtension.cs: 1125 - Retrieving features of type [CoordSys] from Scope 89 Camera Assy.SLDASM
2026-02-12 16:01:13,038 INFO  ExportHelperExtension.cs: 1136 - Found 37 in Scope 89 Camera Assy.SLDASM
2026-02-12 16:01:13,039 INFO  ExportHelperExtension.cs: 1145 - Found 3 features of type [CoordSys] in Scope 89 Camera Assy.SLDASM
2026-02-12 16:01:13,039 INFO  ExportHelperExtension.cs: 1148 - Proceeding through assembly components
2026-02-12 16:01:13,040 INFO  ExportHelperExtension.cs: 1160 - 3 components to check
2026-02-12 16:01:13,040 INFO  ExportHelperExtension.cs: 1125 - Retrieving features of type [CoordSys] from Camera Rotator Scope 89 PTZ Camera-1
2026-02-12 16:01:13,041 INFO  ExportHelperExtension.cs: 1136 - Found 70 in Camera Rotator Scope 89 PTZ Camera-1
2026-02-12 16:01:13,041 INFO  ExportHelperExtension.cs: 1145 - Found 0 features of type [CoordSys] in Camera Rotator Scope 89 PTZ Camera-1
2026-02-12 16:01:13,042 INFO  ExportHelperExtension.cs: 1125 - Retrieving features of type [CoordSys] from Camera Body Scope 89 PTZ Camera-1
2026-02-12 16:01:13,042 INFO  ExportHelperExtension.cs: 1136 - Found 70 in Camera Body Scope 89 PTZ Camera-1
2026-02-12 16:01:13,043 INFO  ExportHelperExtension.cs: 1145 - Found 0 features of type [CoordSys] in Camera Body Scope 89 PTZ Camera-1
2026-02-12 16:01:13,043 INFO  ExportHelperExtension.cs: 1125 - Retrieving features of type [CoordSys] from Camera Ball Scope 89 PTZ Camera-1
2026-02-12 16:01:13,044 INFO  ExportHelperExtension.cs: 1136 - Found 70 in Camera Ball Scope 89 PTZ Camera-1
2026-02-12 16:01:13,045 INFO  ExportHelperExtension.cs: 1145 - Found 0 features of type [CoordSys] in Camera Ball Scope 89 PTZ Camera-1
2026-02-12 16:01:13,045 INFO  ExportHelperExtension.cs: 1125 - Retrieving features of type [RefAxis] from Scope 89 Camera Assy.SLDASM
2026-02-12 16:01:13,045 INFO  ExportHelperExtension.cs: 1136 - Found 37 in Scope 89 Camera Assy.SLDASM
2026-02-12 16:01:13,046 INFO  ExportHelperExtension.cs: 1145 - Found 2 features of type [RefAxis] in Scope 89 Camera Assy.SLDASM
2026-02-12 16:01:13,046 INFO  ExportHelperExtension.cs: 1148 - Proceeding through assembly components
2026-02-12 16:01:13,047 INFO  ExportHelperExtension.cs: 1160 - 3 components to check
2026-02-12 16:01:13,047 INFO  ExportHelperExtension.cs: 1125 - Retrieving features of type [RefAxis] from Camera Rotator Scope 89 PTZ Camera-1
2026-02-12 16:01:13,048 INFO  ExportHelperExtension.cs: 1136 - Found 70 in Camera Rotator Scope 89 PTZ Camera-1
2026-02-12 16:01:13,048 INFO  ExportHelperExtension.cs: 1145 - Found 0 features of type [RefAxis] in Camera Rotator Scope 89 PTZ Camera-1
2026-02-12 16:01:13,048 INFO  ExportHelperExtension.cs: 1125 - Retrieving features of type [RefAxis] from Camera Body Scope 89 PTZ Camera-1
2026-02-12 16:01:13,049 INFO  ExportHelperExtension.cs: 1136 - Found 70 in Camera Body Scope 89 PTZ Camera-1
2026-02-12 16:01:13,050 INFO  ExportHelperExtension.cs: 1145 - Found 0 features of type [RefAxis] in Camera Body Scope 89 PTZ Camera-1
2026-02-12 16:01:13,050 INFO  ExportHelperExtension.cs: 1125 - Retrieving features of type [RefAxis] from Camera Ball Scope 89 PTZ Camera-1
2026-02-12 16:01:13,050 INFO  ExportHelperExtension.cs: 1136 - Found 70 in Camera Ball Scope 89 PTZ Camera-1
2026-02-12 16:01:13,051 INFO  ExportHelperExtension.cs: 1145 - Found 0 features of type [RefAxis] in Camera Ball Scope 89 PTZ Camera-1
2026-02-12 16:01:13,128 INFO  ExportPropertyManager.cs: 1142 - AfterClose called. This method no longer throws an Exception. It just silently does nothing. Ok, except for this logging message
2026-02-12 16:02:11,381 INFO  AssemblyExportForm.cs: 253 - Completing URDF export
2026-02-12 16:02:11,387 INFO  ConfigurationSerialization.cs: 276 - URDF Configuration found
<Link z:Id="i1" xmlns="http://schemas.datacontract.org/2004/07/SW2URDF" xmlns:i="http://www.w3.org/2001/XMLSchema-instance" xmlns:z="http://schemas.microsoft.com/2003/10/Serialization/"><Attributes><Attribute z:Id="i2"><AttributeType>name</AttributeType><IsRequired>true</IsRequired><Value i:type="a:string" xmlns:a="http://www.w3.org/2001/XMLSchema">base_link</Value></Attribute></Attributes><ChildElements><URDFElement z:Id="i3" i:type="Inertial"><Attributes/><ChildElements><URDFElement z:Id="i4" i:type="Origin"><Attributes><Attribute z:Id="i5"><AttributeType>xyz</AttributeType><IsRequired>true</IsRequired><Value i:type="a:ArrayOfdouble" xmlns:a="http://schemas.microsoft.com/2003/10/Serialization/Arrays"><a:double>0</a:double><a:double>0</a:double><a:double>0</a:double></Value></Attribute><Attribute z:Id="i6"><AttributeType>rpy</AttributeType><IsRequired>true</IsRequired><Value i:type="a:ArrayOfdouble" xmlns:a="http://schemas.microsoft.com/2003/10/Serialization/Arrays"><a:double>0</a:double><a:double>0</a:double><a:double>0</a:double></Value></Attribute></Attributes><ChildElements/><ElementName>origin</ElementName><required>false</required><RPYAttribute z:Ref="i6"/><XYZAttribute z:Ref="i5"/><isCustomized>false</isCustomized></URDFElement><URDFElement z:Id="i7" i:type="Mass"><Attributes><Attribute z:Id="i8"><AttributeType>value</AttributeType><IsRequired>true</IsRequired><Value i:type="a:double" xmlns:a="http://www.w3.org/2001/XMLSchema">0</Value></Attribute></Attributes><ChildElements/><ElementName>mass</ElementName><required>false</required><ValueAttribute z:Ref="i8"/></URDFElement><URDFElement z:Id="i9" i:type="Inertia"><Attributes><Attribute z:Id="i10"><AttributeType>ixx</AttributeType><IsRequired>true</IsRequired><Value i:type="a:double" xmlns:a="http://www.w3.org/2001/XMLSchema">0</Value></Attribute><Attribute z:Id="i11"><AttributeType>ixy</AttributeType><IsRequired>true</IsRequired><Value i:type="a:double" xmlns:a="http://www.w3.org/2001/XMLSchema">0</Value></Attribute><Attribute z:Id="i12"><AttributeType>ixz</AttributeType><IsRequired>true</IsRequired><Value i:type="a:double" xmlns:a="http://www.w3.org/2001/XMLSchema">0</Value></Attribute><Attribute z:Id="i13"><AttributeType>iyy</AttributeType><IsRequired>true</IsRequired><Value i:type="a:double" xmlns:a="http://www.w3.org/2001/XMLSchema">0</Value></Attribute><Attribute z:Id="i14"><AttributeType>iyz</AttributeType><IsRequired>true</IsRequired><Value i:type="a:double" xmlns:a="http://www.w3.org/2001/XMLSchema">0</Value></Attribute><Attribute z:Id="i15"><AttributeType>izz</AttributeType><IsRequired>true</IsRequired><Value i:type="a:double" xmlns:a="http://www.w3.org/2001/XMLSchema">0</Value></Attribute></Attributes><ChildElements/><ElementName>inertia</ElementName><required>false</required><IxxAttribute z:Ref="i10"/><IxyAttribute z:Ref="i11"/><IxzAttribute z:Ref="i12"/><IyyAttribute z:Ref="i13"/><IyzAttribute z:Ref="i14"/><IzzAttribute z:Ref="i15"/></URDFElement></ChildElements><ElementName>inertial</ElementName><required>false</required><Inertia z:Ref="i9"/><Mass z:Ref="i7"/><Origin z:Ref="i4"/></URDFElement><URDFElement z:Id="i16" i:type="Visual"><Attributes/><ChildElements><URDFElement z:Id="i17" i:type="Origin"><Attributes><Attribute z:Id="i18"><AttributeType>xyz</AttributeType><IsRequired>true</IsRequired><Value i:type="a:ArrayOfdouble" xmlns:a="http://schemas.microsoft.com/2003/10/Serialization/Arrays"><a:double>0</a:double><a:double>0</a:double><a:double>0</a:double></Value></Attribute><Attribute z:Id="i19"><AttributeType>rpy</AttributeType><IsRequired>true</IsRequired><Value i:type="a:ArrayOfdouble" xmlns:a="http://schemas.microsoft.com/2003/10/Serialization/Arrays"><a:double>0</a:double><a:double>0</a:double><a:double>0</a:double></Value></Attribute></Attributes><ChildElements/><ElementName>origin</ElementName><required>false</required><RPYAttribute z:Ref="i19"/><XYZAttribute z:Ref="i18"/><isCustomized>false</isCustomized></URDFElement><URDFElement z:Id="i20" i:type="Geometry"><Attributes/><ChildElements><URDFElement z:Id="i21" i:type="Mesh"><Attributes><Attribute z:Id="i22"><AttributeType>filename</AttributeType><IsRequired>true</IsRequired><Value i:nil="true"/></Attribute></Attributes><ChildElements/><ElementName>mesh</ElementName><required>false</required><FilenameAttribute z:Ref="i22"/></URDFElement></ChildElements><ElementName>geometry</ElementName><required>true</required><Mesh z:Ref="i21"/></URDFElement><URDFElement z:Id="i23" i:type="Material"><Attributes><Attribute z:Id="i24"><AttributeType>name</AttributeType><IsRequired>true</IsRequired><Value i:type="a:string" xmlns:a="http://www.w3.org/2001/XMLSchema"/></Attribute></Attributes><ChildElements><URDFElement z:Id="i25" i:type="Color"><Attributes><Attribute z:Id="i26"><AttributeType>rgba</AttributeType><IsRequired>true</IsRequired><Value i:type="a:ArrayOfdouble" xmlns:a="http://schemas.microsoft.com/2003/10/Serialization/Arrays"><a:double>1</a:double><a:double>1</a:double><a:double>1</a:double><a:double>1</a:double></Value></Attribute></Attributes><ChildElements/><ElementName>color</ElementName><required>false</required><RGBAAttribute z:Ref="i26"/></URDFElement><URDFElement z:Id="i27" i:type="Texture"><Attributes><Attribute z:Id="i28"><AttributeType>filename</AttributeType><IsRequired>true</IsRequired><Value i:nil="true"/></Attribute></Attributes><ChildElements/><ElementName>texture</ElementName><required>false</required><FilenameAttribute z:Ref="i28"/><wFilename/></URDFElement></ChildElements><ElementName>material</ElementName><required>false</required><Color z:Ref="i25"/><NameAttribute z:Ref="i24"/><Texture z:Ref="i27"/></URDFElement></ChildElements><ElementName>visual</ElementName><required>false</required><Geometry z:Ref="i20"/><Material z:Ref="i23"/><Origin z:Ref="i17"/></URDFElement><URDFElement z:Id="i29" i:type="Collision"><Attributes/><ChildElements><URDFElement z:Id="i30" i:type="Origin"><Attributes><Attribute z:Id="i31"><AttributeType>xyz</AttributeType><IsRequired>true</IsRequired><Value i:type="a:ArrayOfdouble" xmlns:a="http://schemas.microsoft.com/2003/10/Serialization/Arrays"><a:double>0</a:double><a:double>0</a:double><a:double>0</a:double></Value></Attribute><Attribute z:Id="i32"><AttributeType>rpy</AttributeType><IsRequired>true</IsRequired><Value i:type="a:ArrayOfdouble" xmlns:a="http://schemas.microsoft.com/2003/10/Serialization/Arrays"><a:double>0</a:double><a:double>0</a:double><a:double>0</a:double></Value></Attribute></Attributes><ChildElements/><ElementName>origin</ElementName><required>false</required><RPYAttribute z:Ref="i32"/><XYZAttribute z:Ref="i31"/><isCustomized>false</isCustomized></URDFElement><URDFElement z:Id="i33" i:type="Geometry"><Attributes/><ChildElements><URDFElement z:Id="i34" i:type="Mesh"><Attributes><Attribute z:Id="i35"><AttributeType>filename</AttributeType><IsRequired>true</IsRequired><Value i:nil="true"/></Attribute></Attributes><ChildElements/><ElementName>mesh</ElementName><required>false</required><FilenameAttribute z:Ref="i35"/></URDFElement></ChildElements><ElementName>geometry</ElementName><required>true</required><Mesh z:Ref="i34"/></URDFElement></ChildElements><ElementName>collision</ElementName><required>false</required><Geometry z:Ref="i33"/><Origin z:Ref="i30"/></URDFElement><URDFElement z:Id="i36" i:type="Joint"><Attributes><Attribute z:Id="i37"><AttributeType>name</AttributeType><IsRequired>true</IsRequired><Value i:type="a:string" xmlns:a="http://www.w3.org/2001/XMLSchema"/></Attribute><Attribute z:Id="i38"><AttributeType>type</AttributeType><IsRequired>true</IsRequired><Value i:type="a:string" xmlns:a="http://www.w3.org/2001/XMLSchema"/></Attribute></Attributes><ChildElements><URDFElement z:Id="i39" i:type="Origin"><Attributes><Attribute z:Id="i40"><AttributeType>xyz</AttributeType><IsRequired>true</IsRequired><Value i:type="a:ArrayOfdouble" xmlns:a="http://schemas.microsoft.com/2003/10/Serialization/Arrays"><a:double>0</a:double><a:double>0</a:double><a:double>0</a:double></Value></Attribute><Attribute z:Id="i41"><AttributeType>rpy</AttributeType><IsRequired>true</IsRequired><Value i:type="a:ArrayOfdouble" xmlns:a="http://schemas.microsoft.com/2003/10/Serialization/Arrays"><a:double>0</a:double><a:double>0</a:double><a:double>0</a:double></Value></Attribute></Attributes><ChildElements/><ElementName>origin</ElementName><required>false</required><RPYAttribute z:Ref="i41"/><XYZAttribute z:Ref="i40"/><isCustomized>false</isCustomized></URDFElement><URDFElement z:Id="i42" i:type="ParentLink"><Attributes><Attribute z:Id="i43"><AttributeType>link</AttributeType><IsRequired>true</IsRequired><Value i:type="a:string" xmlns:a="http://www.w3.org/2001/XMLSchema"/></Attribute></Attributes><ChildElements/><ElementName>parent</ElementName><required>true</required><NameAttribute z:Ref="i43"/></URDFElement><URDFElement z:Id="i44" i:type="ChildLink"><Attributes><Attribute z:Id="i45"><AttributeType>link</AttributeType><IsRequired>true</IsRequired><Value i:type="a:string" xmlns:a="http://www.w3.org/2001/XMLSchema"/></Attribute></Attributes><ChildElements/><ElementName>child</ElementName><required>true</required><NameAttribute z:Ref="i45"/></URDFElement><URDFElement z:Id="i46" i:type="Axis"><Attributes><Attribute z:Id="i47"><AttributeType>xyz</AttributeType><IsRequired>true</IsRequired><Value i:type="a:ArrayOfdouble" xmlns:a="http://schemas.microsoft.com/2003/10/Serialization/Arrays"><a:double>0</a:double><a:double>0</a:double><a:double>0</a:double></Value></Attribute></Attributes><ChildElements/><ElementName>axis</ElementName><required>false</required><XYZAttribute z:Ref="i47"/></URDFElement><URDFElement z:Id="i48" i:type="Limit"><Attributes><Attribute z:Id="i49"><AttributeType>lower</AttributeType><IsRequired>false</IsRequired><Value i:nil="true"/></Attribute><Attribute z:Id="i50"><AttributeType>upper</AttributeType><IsRequired>false</IsRequired><Value i:nil="true"/></Attribute><Attribute z:Id="i51"><AttributeType>effort</AttributeType><IsRequired>true</IsRequired><Value i:nil="true"/></Attribute><Attribute z:Id="i52"><AttributeType>velocity</AttributeType><IsRequired>true</IsRequired><Value i:nil="true"/></Attribute></Attributes><ChildElements/><ElementName>limit</ElementName><required>false</required><EffortAttribute z:Ref="i51"/><LowerAttribute z:Ref="i49"/><UpperAttribute z:Ref="i50"/><VelocityAttribute z:Ref="i52"/></URDFElement><URDFElement z:Id="i53" i:type="Calibration"><Attributes><Attribute z:Id="i54"><AttributeType>rising</AttributeType><IsRequired>false</IsRequired><Value i:nil="true"/></Attribute><Attribute z:Id="i55"><AttributeType>falling</AttributeType><IsRequired>false</IsRequired><Value i:nil="true"/></Attribute></Attributes><ChildElements/><ElementName>calibration</ElementName><required>false</required><FallingAttribute z:Ref="i55"/><RisingAttribute z:Ref="i54"/></URDFElement><URDFElement z:Id="i56" i:type="Dynamics"><Attributes><Attribute z:Id="i57"><AttributeType>damping</AttributeType><IsRequired>false</IsRequired><Value i:nil="true"/></Attribute><Attribute z:Id="i58"><AttributeType>friction</AttributeType><IsRequired>false</IsRequired><Value i:nil="true"/></Attribute></Attributes><ChildElements/><ElementName>dynamics</ElementName><required>false</required><DampingAttribute z:Ref="i57"/><FrictionAttribute z:Ref="i58"/></URDFElement><URDFElement z:Id="i59" i:type="SafetyController"><Attributes><Attribute z:Id="i60"><AttributeType>soft_upper_limit</AttributeType><IsRequired>false</IsRequired><Value i:nil="true"/></Attribute><Attribute z:Id="i61"><AttributeType>soft_lower_limit</AttributeType><IsRequired>false</IsRequired><Value i:nil="true"/></Attribute><Attribute z:Id="i62"><AttributeType>k_position</AttributeType><IsRequired>false</IsRequired><Value i:nil="true"/></Attribute><Attribute z:Id="i63"><AttributeType>k_velocity</AttributeType><IsRequired>true</IsRequired><Value i:nil="true"/></Attribute></Attributes><ChildElements/><ElementName>safety_controller</ElementName><required>false</required><KPositionAttribute z:Ref="i62"/><KVelocityAttribute z:Ref="i63"/><SoftLowerAttribute z:Ref="i61"/><SoftUpperAttribute z:Ref="i60"/></URDFElement><URDFElement z:Id="i64" i:type="Mimic"><Attributes><Attribute z:Id="i65"><AttributeType>joint</AttributeType><IsRequired>true</IsRequired><Value i:nil="true"/></Attribute><Attribute z:Id="i66"><AttributeType>multiplier</AttributeType><IsRequired>false</IsRequired><Value i:nil="true"/></Attribute><Attribute z:Id="i67"><AttributeType>offset</AttributeType><IsRequired>false</IsRequired><Value i:nil="true"/></Attribute></Attributes><ChildElements/><ElementName>mimic</ElementName><required>false</required><JointNameAttribute z:Ref="i65"/><MultiplierAttribute z:Ref="i66"/><OffsetAttribute z:Ref="i67"/></URDFElement></ChildElements><ElementName>joint</ElementName><required>false</required><Axis z:Ref="i46"/><AxisName/><Calibration z:Ref="i53"/><Child z:Ref="i44"/><CoordinateSystemName>Coordinate System3</CoordinateSystemName><Dynamics z:Ref="i56"/><Limit z:Ref="i48"/><Mimic z:Ref="i64"/><NameAttribute z:Ref="i37"/><Origin z:Ref="i39"/><Parent z:Ref="i42"/><Safety z:Ref="i59"/><TypeAttribute z:Ref="i38"/></URDFElement></ChildElements><ElementName>link</ElementName><required>true</required><Children><Link z:Id="i68"><Attributes><Attribute z:Id="i69"><AttributeType>name</AttributeType><IsRequired>true</IsRequired><Value i:type="a:string" xmlns:a="http://www.w3.org/2001/XMLSchema">Pan_Link</Value></Attribute></Attributes><ChildElements><URDFElement z:Id="i70" i:type="Inertial"><Attributes/><ChildElements><URDFElement z:Id="i71" i:type="Origin"><Attributes><Attribute z:Id="i72"><AttributeType>xyz</AttributeType><IsRequired>true</IsRequired><Value i:type="a:ArrayOfdouble" xmlns:a="http://schemas.microsoft.com/2003/10/Serialization/Arrays"><a:double>0</a:double><a:double>0</a:double><a:double>0</a:double></Value></Attribute><Attribute z:Id="i73"><AttributeType>rpy</AttributeType><IsRequired>true</IsRequired><Value i:type="a:ArrayOfdouble" xmlns:a="http://schemas.microsoft.com/2003/10/Serialization/Arrays"><a:double>0</a:double><a:double>0</a:double><a:double>0</a:double></Value></Attribute></Attributes><ChildElements/><ElementName>origin</ElementName><required>false</required><RPYAttribute z:Ref="i73"/><XYZAttribute z:Ref="i72"/><isCustomized>false</isCustomized></URDFElement><URDFElement z:Id="i74" i:type="Mass"><Attributes><Attribute z:Id="i75"><AttributeType>value</AttributeType><IsRequired>true</IsRequired><Value i:type="a:double" xmlns:a="http://www.w3.org/2001/XMLSchema">0</Value></Attribute></Attributes><ChildElements/><ElementName>mass</ElementName><required>false</required><ValueAttribute z:Ref="i75"/></URDFElement><URDFElement z:Id="i76" i:type="Inertia"><Attributes><Attribute z:Id="i77"><AttributeType>ixx</AttributeType><IsRequired>true</IsRequired><Value i:type="a:double" xmlns:a="http://www.w3.org/2001/XMLSchema">0</Value></Attribute><Attribute z:Id="i78"><AttributeType>ixy</AttributeType><IsRequired>true</IsRequired><Value i:type="a:double" xmlns:a="http://www.w3.org/2001/XMLSchema">0</Value></Attribute><Attribute z:Id="i79"><AttributeType>ixz</AttributeType><IsRequired>true</IsRequired><Value i:type="a:double" xmlns:a="http://www.w3.org/2001/XMLSchema">0</Value></Attribute><Attribute z:Id="i80"><AttributeType>iyy</AttributeType><IsRequired>true</IsRequired><Value i:type="a:double" xmlns:a="http://www.w3.org/2001/XMLSchema">0</Value></Attribute><Attribute z:Id="i81"><AttributeType>iyz</AttributeType><IsRequired>true</IsRequired><Value i:type="a:double" xmlns:a="http://www.w3.org/2001/XMLSchema">0</Value></Attribute><Attribute z:Id="i82"><AttributeType>izz</AttributeType><IsRequired>true</IsRequired><Value i:type="a:double" xmlns:a="http://www.w3.org/2001/XMLSchema">0</Value></Attribute></Attributes><ChildElements/><ElementName>inertia</ElementName><required>false</required><IxxAttribute z:Ref="i77"/><IxyAttribute z:Ref="i78"/><IxzAttribute z:Ref="i79"/><IyyAttribute z:Ref="i80"/><IyzAttribute z:Ref="i81"/><IzzAttribute z:Ref="i82"/></URDFElement></ChildElements><ElementName>inertial</ElementName><required>false</required><Inertia z:Ref="i76"/><Mass z:Ref="i74"/><Origin z:Ref="i71"/></URDFElement><URDFElement z:Id="i83" i:type="Visual"><Attributes/><ChildElements><URDFElement z:Id="i84" i:type="Origin"><Attributes><Attribute z:Id="i85"><AttributeType>xyz</AttributeType><IsRequired>true</IsRequired><Value i:type="a:ArrayOfdouble" xmlns:a="http://schemas.microsoft.com/2003/10/Serialization/Arrays"><a:double>0</a:double><a:double>0</a:double><a:double>0</a:double></Value></Attribute><Attribute z:Id="i86"><AttributeType>rpy</AttributeType><IsRequired>true</IsRequired><Value i:type="a:ArrayOfdouble" xmlns:a="http://schemas.microsoft.com/2003/10/Serialization/Arrays"><a:double>0</a:double><a:double>0</a:double><a:double>0</a:double></Value></Attribute></Attributes><ChildElements/><ElementName>origin</ElementName><required>false</required><RPYAttribute z:Ref="i86"/><XYZAttribute z:Ref="i85"/><isCustomized>false</isCustomized></URDFElement><URDFElement z:Id="i87" i:type="Geometry"><Attributes/><ChildElements><URDFElement z:Id="i88" i:type="Mesh"><Attributes><Attribute z:Id="i89"><AttributeType>filename</AttributeType><IsRequired>true</IsRequired><Value i:nil="true"/></Attribute></Attributes><ChildElements/><ElementName>mesh</ElementName><required>false</required><FilenameAttribute z:Ref="i89"/></URDFElement></ChildElements><ElementName>geometry</ElementName><required>true</required><Mesh z:Ref="i88"/></URDFElement><URDFElement z:Id="i90" i:type="Material"><Attributes><Attribute z:Id="i91"><AttributeType>name</AttributeType><IsRequired>true</IsRequired><Value i:type="a:string" xmlns:a="http://www.w3.org/2001/XMLSchema"/></Attribute></Attributes><ChildElements><URDFElement z:Id="i92" i:type="Color"><Attributes><Attribute z:Id="i93"><AttributeType>rgba</AttributeType><IsRequired>true</IsRequired><Value i:type="a:ArrayOfdouble" xmlns:a="http://schemas.microsoft.com/2003/10/Serialization/Arrays"><a:double>1</a:double><a:double>1</a:double><a:double>1</a:double><a:double>1</a:double></Value></Attribute></Attributes><ChildElements/><ElementName>color</ElementName><required>false</required><RGBAAttribute z:Ref="i93"/></URDFElement><URDFElement z:Id="i94" i:type="Texture"><Attributes><Attribute z:Id="i95"><AttributeType>filename</AttributeType><IsRequired>true</IsRequired><Value i:nil="true"/></Attribute></Attributes><ChildElements/><ElementName>texture</ElementName><required>false</required><FilenameAttribute z:Ref="i95"/><wFilename/></URDFElement></ChildElements><ElementName>material</ElementName><required>false</required><Color z:Ref="i92"/><NameAttribute z:Ref="i91"/><Texture z:Ref="i94"/></URDFElement></ChildElements><ElementName>visual</ElementName><required>false</required><Geometry z:Ref="i87"/><Material z:Ref="i90"/><Origin z:Ref="i84"/></URDFElement><URDFElement z:Id="i96" i:type="Collision"><Attributes/><ChildElements><URDFElement z:Id="i97" i:type="Origin"><Attributes><Attribute z:Id="i98"><AttributeType>xyz</AttributeType><IsRequired>true</IsRequired><Value i:type="a:ArrayOfdouble" xmlns:a="http://schemas.microsoft.com/2003/10/Serialization/Arrays"><a:double>0</a:double><a:double>0</a:double><a:double>0</a:double></Value></Attribute><Attribute z:Id="i99"><AttributeType>rpy</AttributeType><IsRequired>true</IsRequired><Value i:type="a:ArrayOfdouble" xmlns:a="http://schemas.microsoft.com/2003/10/Serialization/Arrays"><a:double>0</a:double><a:double>0</a:double><a:double>0</a:double></Value></Attribute></Attributes><ChildElements/><ElementName>origin</ElementName><required>false</required><RPYAttribute z:Ref="i99"/><XYZAttribute z:Ref="i98"/><isCustomized>false</isCustomized></URDFElement><URDFElement z:Id="i100" i:type="Geometry"><Attributes/><ChildElements><URDFElement z:Id="i101" i:type="Mesh"><Attributes><Attribute z:Id="i102"><AttributeType>filename</AttributeType><IsRequired>true</IsRequired><Value i:nil="true"/></Attribute></Attributes><ChildElements/><ElementName>mesh</ElementName><required>false</required><FilenameAttribute z:Ref="i102"/></URDFElement></ChildElements><ElementName>geometry</ElementName><required>true</required><Mesh z:Ref="i101"/></URDFElement></ChildElements><ElementName>collision</ElementName><required>false</required><Geometry z:Ref="i100"/><Origin z:Ref="i97"/></URDFElement><URDFElement z:Id="i103" i:type="Joint"><Attributes><Attribute z:Id="i104"><AttributeType>name</AttributeType><IsRequired>true</IsRequired><Value i:type="a:string" xmlns:a="http://www.w3.org/2001/XMLSchema">J1</Value></Attribute><Attribute z:Id="i105"><AttributeType>type</AttributeType><IsRequired>true</IsRequired><Value i:type="a:string" xmlns:a="http://www.w3.org/2001/XMLSchema">revolute</Value></Attribute></Attributes><ChildElements><URDFElement z:Id="i106" i:type="Origin"><Attributes><Attribute z:Id="i107"><AttributeType>xyz</AttributeType><IsRequired>true</IsRequired><Value i:type="a:ArrayOfdouble" xmlns:a="http://schemas.microsoft.com/2003/10/Serialization/Arrays"><a:double>0</a:double><a:double>0</a:double><a:double>0</a:double></Value></Attribute><Attribute z:Id="i108"><AttributeType>rpy</AttributeType><IsRequired>true</IsRequired><Value i:type="a:ArrayOfdouble" xmlns:a="http://schemas.microsoft.com/2003/10/Serialization/Arrays"><a:double>0</a:double><a:double>0</a:double><a:double>0</a:double></Value></Attribute></Attributes><ChildElements/><ElementName>origin</ElementName><required>false</required><RPYAttribute z:Ref="i108"/><XYZAttribute z:Ref="i107"/><isCustomized>false</isCustomized></URDFElement><URDFElement z:Id="i109" i:type="ParentLink"><Attributes><Attribute z:Id="i110"><AttributeType>link</AttributeType><IsRequired>true</IsRequired><Value i:type="a:string" xmlns:a="http://www.w3.org/2001/XMLSchema"/></Attribute></Attributes><ChildElements/><ElementName>parent</ElementName><required>true</required><NameAttribute z:Ref="i110"/></URDFElement><URDFElement z:Id="i111" i:type="ChildLink"><Attributes><Attribute z:Id="i112"><AttributeType>link</AttributeType><IsRequired>true</IsRequired><Value i:type="a:string" xmlns:a="http://www.w3.org/2001/XMLSchema"/></Attribute></Attributes><ChildElements/><ElementName>child</ElementName><required>true</required><NameAttribute z:Ref="i112"/></URDFElement><URDFElement z:Id="i113" i:type="Axis"><Attributes><Attribute z:Id="i114"><AttributeType>xyz</AttributeType><IsRequired>true</IsRequired><Value i:type="a:ArrayOfdouble" xmlns:a="http://schemas.microsoft.com/2003/10/Serialization/Arrays"><a:double>0</a:double><a:double>0</a:double><a:double>0</a:double></Value></Attribute></Attributes><ChildElements/><ElementName>axis</ElementName><required>false</required><XYZAttribute z:Ref="i114"/></URDFElement><URDFElement z:Id="i115" i:type="Limit"><Attributes><Attribute z:Id="i116"><AttributeType>lower</AttributeType><IsRequired>false</IsRequired><Value i:nil="true"/></Attribute><Attribute z:Id="i117"><AttributeType>upper</AttributeType><IsRequired>false</IsRequired><Value i:nil="true"/></Attribute><Attribute z:Id="i118"><AttributeType>effort</AttributeType><IsRequired>true</IsRequired><Value i:nil="true"/></Attribute><Attribute z:Id="i119"><AttributeType>velocity</AttributeType><IsRequired>true</IsRequired><Value i:nil="true"/></Attribute></Attributes><ChildElements/><ElementName>limit</ElementName><required>false</required><EffortAttribute z:Ref="i118"/><LowerAttribute z:Ref="i116"/><UpperAttribute z:Ref="i117"/><VelocityAttribute z:Ref="i119"/></URDFElement><URDFElement z:Id="i120" i:type="Calibration"><Attributes><Attribute z:Id="i121"><AttributeType>rising</AttributeType><IsRequired>false</IsRequired><Value i:nil="true"/></Attribute><Attribute z:Id="i122"><AttributeType>falling</AttributeType><IsRequired>false</IsRequired><Value i:nil="true"/></Attribute></Attributes><ChildElements/><ElementName>calibration</ElementName><required>false</required><FallingAttribute z:Ref="i122"/><RisingAttribute z:Ref="i121"/></URDFElement><URDFElement z:Id="i123" i:type="Dynamics"><Attributes><Attribute z:Id="i124"><AttributeType>damping</AttributeType><IsRequired>false</IsRequired><Value i:nil="true"/></Attribute><Attribute z:Id="i125"><AttributeType>friction</AttributeType><IsRequired>false</IsRequired><Value i:nil="true"/></Attribute></Attributes><ChildElements/><ElementName>dynamics</ElementName><required>false</required><DampingAttribute z:Ref="i124"/><FrictionAttribute z:Ref="i125"/></URDFElement><URDFElement z:Id="i126" i:type="SafetyController"><Attributes><Attribute z:Id="i127"><AttributeType>soft_upper_limit</AttributeType><IsRequired>false</IsRequired><Value i:nil="true"/></Attribute><Attribute z:Id="i128"><AttributeType>soft_lower_limit</AttributeType><IsRequired>false</IsRequired><Value i:nil="true"/></Attribute><Attribute z:Id="i129"><AttributeType>k_position</AttributeType><IsRequired>false</IsRequired><Value i:nil="true"/></Attribute><Attribute z:Id="i130"><AttributeType>k_velocity</AttributeType><IsRequired>true</IsRequired><Value i:nil="true"/></Attribute></Attributes><ChildElements/><ElementName>safety_controller</ElementName><required>false</required><KPositionAttribute z:Ref="i129"/><KVelocityAttribute z:Ref="i130"/><SoftLowerAttribute z:Ref="i128"/><SoftUpperAttribute z:Ref="i127"/></URDFElement><URDFElement z:Id="i131" i:type="Mimic"><Attributes><Attribute z:Id="i132"><AttributeType>joint</AttributeType><IsRequired>true</IsRequired><Value i:nil="true"/></Attribute><Attribute z:Id="i133"><AttributeType>multiplier</AttributeType><IsRequired>false</IsRequired><Value i:nil="true"/></Attribute><Attribute z:Id="i134"><AttributeType>offset</AttributeType><IsRequired>false</IsRequired><Value i:nil="true"/></Attribute></Attributes><ChildElements/><ElementName>mimic</ElementName><required>false</required><JointNameAttribute z:Ref="i132"/><MultiplierAttribute z:Ref="i133"/><OffsetAttribute z:Ref="i134"/></URDFElement></ChildElements><ElementName>joint</ElementName><required>false</required><Axis z:Ref="i113"/><AxisName>J1 Axis</AxisName><Calibration z:Ref="i120"/><Child z:Ref="i111"/><CoordinateSystemName>J1 CS</CoordinateSystemName><Dynamics z:Ref="i123"/><Limit z:Ref="i115"/><Mimic z:Ref="i131"/><NameAttribute z:Ref="i104"/><Origin z:Ref="i106"/><Parent z:Ref="i109"/><Safety z:Ref="i126"/><TypeAttribute z:Ref="i105"/></URDFElement></ChildElements><ElementName>link</ElementName><required>true</required><Children><Link z:Id="i135"><Attributes><Attribute z:Id="i136"><AttributeType>name</AttributeType><IsRequired>true</IsRequired><Value i:type="a:string" xmlns:a="http://www.w3.org/2001/XMLSchema">Tilt_Link</Value></Attribute></Attributes><ChildElements><URDFElement z:Id="i137" i:type="Inertial"><Attributes/><ChildElements><URDFElement z:Id="i138" i:type="Origin"><Attributes><Attribute z:Id="i139"><AttributeType>xyz</AttributeType><IsRequired>true</IsRequired><Value i:type="a:ArrayOfdouble" xmlns:a="http://schemas.microsoft.com/2003/10/Serialization/Arrays"><a:double>0</a:double><a:double>0</a:double><a:double>0</a:double></Value></Attribute><Attribute z:Id="i140"><AttributeType>rpy</AttributeType><IsRequired>true</IsRequired><Value i:type="a:ArrayOfdouble" xmlns:a="http://schemas.microsoft.com/2003/10/Serialization/Arrays"><a:double>0</a:double><a:double>0</a:double><a:double>0</a:double></Value></Attribute></Attributes><ChildElements/><ElementName>origin</ElementName><required>false</required><RPYAttribute z:Ref="i140"/><XYZAttribute z:Ref="i139"/><isCustomized>false</isCustomized></URDFElement><URDFElement z:Id="i141" i:type="Mass"><Attributes><Attribute z:Id="i142"><AttributeType>value</AttributeType><IsRequired>true</IsRequired><Value i:type="a:double" xmlns:a="http://www.w3.org/2001/XMLSchema">0</Value></Attribute></Attributes><ChildElements/><ElementName>mass</ElementName><required>false</required><ValueAttribute z:Ref="i142"/></URDFElement><URDFElement z:Id="i143" i:type="Inertia"><Attributes><Attribute z:Id="i144"><AttributeType>ixx</AttributeType><IsRequired>true</IsRequired><Value i:type="a:double" xmlns:a="http://www.w3.org/2001/XMLSchema">0</Value></Attribute><Attribute z:Id="i145"><AttributeType>ixy</AttributeType><IsRequired>true</IsRequired><Value i:type="a:double" xmlns:a="http://www.w3.org/2001/XMLSchema">0</Value></Attribute><Attribute z:Id="i146"><AttributeType>ixz</AttributeType><IsRequired>true</IsRequired><Value i:type="a:double" xmlns:a="http://www.w3.org/2001/XMLSchema">0</Value></Attribute><Attribute z:Id="i147"><AttributeType>iyy</AttributeType><IsRequired>true</IsRequired><Value i:type="a:double" xmlns:a="http://www.w3.org/2001/XMLSchema">0</Value></Attribute><Attribute z:Id="i148"><AttributeType>iyz</AttributeType><IsRequired>true</IsRequired><Value i:type="a:double" xmlns:a="http://www.w3.org/2001/XMLSchema">0</Value></Attribute><Attribute z:Id="i149"><AttributeType>izz</AttributeType><IsRequired>true</IsRequired><Value i:type="a:double" xmlns:a="http://www.w3.org/2001/XMLSchema">0</Value></Attribute></Attributes><ChildElements/><ElementName>inertia</ElementName><required>false</required><IxxAttribute z:Ref="i144"/><IxyAttribute z:Ref="i145"/><IxzAttribute z:Ref="i146"/><IyyAttribute z:Ref="i147"/><IyzAttribute z:Ref="i148"/><IzzAttribute z:Ref="i149"/></URDFElement></ChildElements><ElementName>inertial</ElementName><required>false</required><Inertia z:Ref="i143"/><Mass z:Ref="i141"/><Origin z:Ref="i138"/></URDFElement><URDFElement z:Id="i150" i:type="Visual"><Attributes/><ChildElements><URDFElement z:Id="i151" i:type="Origin"><Attributes><Attribute z:Id="i152"><AttributeType>xyz</AttributeType><IsRequired>true</IsRequired><Value i:type="a:ArrayOfdouble" xmlns:a="http://schemas.microsoft.com/2003/10/Serialization/Arrays"><a:double>0</a:double><a:double>0</a:double><a:double>0</a:double></Value></Attribute><Attribute z:Id="i153"><AttributeType>rpy</AttributeType><IsRequired>true</IsRequired><Value i:type="a:ArrayOfdouble" xmlns:a="http://schemas.microsoft.com/2003/10/Serialization/Arrays"><a:double>0</a:double><a:double>0</a:double><a:double>0</a:double></Value></Attribute></Attributes><ChildElements/><ElementName>origin</ElementName><required>false</required><RPYAttribute z:Ref="i153"/><XYZAttribute z:Ref="i152"/><isCustomized>false</isCustomized></URDFElement><URDFElement z:Id="i154" i:type="Geometry"><Attributes/><ChildElements><URDFElement z:Id="i155" i:type="Mesh"><Attributes><Attribute z:Id="i156"><AttributeType>filename</AttributeType><IsRequired>true</IsRequired><Value i:nil="true"/></Attribute></Attributes><ChildElements/><ElementName>mesh</ElementName><required>false</required><FilenameAttribute z:Ref="i156"/></URDFElement></ChildElements><ElementName>geometry</ElementName><required>true</required><Mesh z:Ref="i155"/></URDFElement><URDFElement z:Id="i157" i:type="Material"><Attributes><Attribute z:Id="i158"><AttributeType>name</AttributeType><IsRequired>true</IsRequired><Value i:type="a:string" xmlns:a="http://www.w3.org/2001/XMLSchema"/></Attribute></Attributes><ChildElements><URDFElement z:Id="i159" i:type="Color"><Attributes><Attribute z:Id="i160"><AttributeType>rgba</AttributeType><IsRequired>true</IsRequired><Value i:type="a:ArrayOfdouble" xmlns:a="http://schemas.microsoft.com/2003/10/Serialization/Arrays"><a:double>1</a:double><a:double>1</a:double><a:double>1</a:double><a:double>1</a:double></Value></Attribute></Attributes><ChildElements/><ElementName>color</ElementName><required>false</required><RGBAAttribute z:Ref="i160"/></URDFElement><URDFElement z:Id="i161" i:type="Texture"><Attributes><Attribute z:Id="i162"><AttributeType>filename</AttributeType><IsRequired>true</IsRequired><Value i:nil="true"/></Attribute></Attributes><ChildElements/><ElementName>texture</ElementName><required>false</required><FilenameAttribute z:Ref="i162"/><wFilename/></URDFElement></ChildElements><ElementName>material</ElementName><required>false</required><Color z:Ref="i159"/><NameAttribute z:Ref="i158"/><Texture z:Ref="i161"/></URDFElement></ChildElements><ElementName>visual</ElementName><required>false</required><Geometry z:Ref="i154"/><Material z:Ref="i157"/><Origin z:Ref="i151"/></URDFElement><URDFElement z:Id="i163" i:type="Collision"><Attributes/><ChildElements><URDFElement z:Id="i164" i:type="Origin"><Attributes><Attribute z:Id="i165"><AttributeType>xyz</AttributeType><IsRequired>true</IsRequired><Value i:type="a:ArrayOfdouble" xmlns:a="http://schemas.microsoft.com/2003/10/Serialization/Arrays"><a:double>0</a:double><a:double>0</a:double><a:double>0</a:double></Value></Attribute><Attribute z:Id="i166"><AttributeType>rpy</AttributeType><IsRequired>true</IsRequired><Value i:type="a:ArrayOfdouble" xmlns:a="http://schemas.microsoft.com/2003/10/Serialization/Arrays"><a:double>0</a:double><a:double>0</a:double><a:double>0</a:double></Value></Attribute></Attributes><ChildElements/><ElementName>origin</ElementName><required>false</required><RPYAttribute z:Ref="i166"/><XYZAttribute z:Ref="i165"/><isCustomized>false</isCustomized></URDFElement><URDFElement z:Id="i167" i:type="Geometry"><Attributes/><ChildElements><URDFElement z:Id="i168" i:type="Mesh"><Attributes><Attribute z:Id="i169"><AttributeType>filename</AttributeType><IsRequired>true</IsRequired><Value i:nil="true"/></Attribute></Attributes><ChildElements/><ElementName>mesh</ElementName><required>false</required><FilenameAttribute z:Ref="i169"/></URDFElement></ChildElements><ElementName>geometry</ElementName><required>true</required><Mesh z:Ref="i168"/></URDFElement></ChildElements><ElementName>collision</ElementName><required>false</required><Geometry z:Ref="i167"/><Origin z:Ref="i164"/></URDFElement><URDFElement z:Id="i170" i:type="Joint"><Attributes><Attribute z:Id="i171"><AttributeType>name</AttributeType><IsRequired>true</IsRequired><Value i:type="a:string" xmlns:a="http://www.w3.org/2001/XMLSchema">J2</Value></Attribute><Attribute z:Id="i172"><AttributeType>type</AttributeType><IsRequired>true</IsRequired><Value i:type="a:string" xmlns:a="http://www.w3.org/2001/XMLSchema">revolute</Value></Attribute></Attributes><ChildElements><URDFElement z:Id="i173" i:type="Origin"><Attributes><Attribute z:Id="i174"><AttributeType>xyz</AttributeType><IsRequired>true</IsRequired><Value i:type="a:ArrayOfdouble" xmlns:a="http://schemas.microsoft.com/2003/10/Serialization/Arrays"><a:double>0</a:double><a:double>0</a:double><a:double>0</a:double></Value></Attribute><Attribute z:Id="i175"><AttributeType>rpy</AttributeType><IsRequired>true</IsRequired><Value i:type="a:ArrayOfdouble" xmlns:a="http://schemas.microsoft.com/2003/10/Serialization/Arrays"><a:double>0</a:double><a:double>0</a:double><a:double>0</a:double></Value></Attribute></Attributes><ChildElements/><ElementName>origin</ElementName><required>false</required><RPYAttribute z:Ref="i175"/><XYZAttribute z:Ref="i174"/><isCustomized>false</isCustomized></URDFElement><URDFElement z:Id="i176" i:type="ParentLink"><Attributes><Attribute z:Id="i177"><AttributeType>link</AttributeType><IsRequired>true</IsRequired><Value i:type="a:string" xmlns:a="http://www.w3.org/2001/XMLSchema"/></Attribute></Attributes><ChildElements/><ElementName>parent</ElementName><required>true</required><NameAttribute z:Ref="i177"/></URDFElement><URDFElement z:Id="i178" i:type="ChildLink"><Attributes><Attribute z:Id="i179"><AttributeType>link</AttributeType><IsRequired>true</IsRequired><Value i:type="a:string" xmlns:a="http://www.w3.org/2001/XMLSchema"/></Attribute></Attributes><ChildElements/><ElementName>child</ElementName><required>true</required><NameAttribute z:Ref="i179"/></URDFElement><URDFElement z:Id="i180" i:type="Axis"><Attributes><Attribute z:Id="i181"><AttributeType>xyz</AttributeType><IsRequired>true</IsRequired><Value i:type="a:ArrayOfdouble" xmlns:a="http://schemas.microsoft.com/2003/10/Serialization/Arrays"><a:double>0</a:double><a:double>0</a:double><a:double>0</a:double></Value></Attribute></Attributes><ChildElements/><ElementName>axis</ElementName><required>false</required><XYZAttribute z:Ref="i181"/></URDFElement><URDFElement z:Id="i182" i:type="Limit"><Attributes><Attribute z:Id="i183"><AttributeType>lower</AttributeType><IsRequired>false</IsRequired><Value i:nil="true"/></Attribute><Attribute z:Id="i184"><AttributeType>upper</AttributeType><IsRequired>false</IsRequired><Value i:nil="true"/></Attribute><Attribute z:Id="i185"><AttributeType>effort</AttributeType><IsRequired>true</IsRequired><Value i:nil="true"/></Attribute><Attribute z:Id="i186"><AttributeType>velocity</AttributeType><IsRequired>true</IsRequired><Value i:nil="true"/></Attribute></Attributes><ChildElements/><ElementName>limit</ElementName><required>false</required><EffortAttribute z:Ref="i185"/><LowerAttribute z:Ref="i183"/><UpperAttribute z:Ref="i184"/><VelocityAttribute z:Ref="i186"/></URDFElement><URDFElement z:Id="i187" i:type="Calibration"><Attributes><Attribute z:Id="i188"><AttributeType>rising</AttributeType><IsRequired>false</IsRequired><Value i:nil="true"/></Attribute><Attribute z:Id="i189"><AttributeType>falling</AttributeType><IsRequired>false</IsRequired><Value i:nil="true"/></Attribute></Attributes><ChildElements/><ElementName>calibration</ElementName><required>false</required><FallingAttribute z:Ref="i189"/><RisingAttribute z:Ref="i188"/></URDFElement><URDFElement z:Id="i190" i:type="Dynamics"><Attributes><Attribute z:Id="i191"><AttributeType>damping</AttributeType><IsRequired>false</IsRequired><Value i:nil="true"/></Attribute><Attribute z:Id="i192"><AttributeType>friction</AttributeType><IsRequired>false</IsRequired><Value i:nil="true"/></Attribute></Attributes><ChildElements/><ElementName>dynamics</ElementName><required>false</required><DampingAttribute z:Ref="i191"/><FrictionAttribute z:Ref="i192"/></URDFElement><URDFElement z:Id="i193" i:type="SafetyController"><Attributes><Attribute z:Id="i194"><AttributeType>soft_upper_limit</AttributeType><IsRequired>false</IsRequired><Value i:nil="true"/></Attribute><Attribute z:Id="i195"><AttributeType>soft_lower_limit</AttributeType><IsRequired>false</IsRequired><Value i:nil="true"/></Attribute><Attribute z:Id="i196"><AttributeType>k_position</AttributeType><IsRequired>false</IsRequired><Value i:nil="true"/></Attribute><Attribute z:Id="i197"><AttributeType>k_velocity</AttributeType><IsRequired>true</IsRequired><Value i:nil="true"/></Attribute></Attributes><ChildElements/><ElementName>safety_controller</ElementName><required>false</required><KPositionAttribute z:Ref="i196"/><KVelocityAttribute z:Ref="i197"/><SoftLowerAttribute z:Ref="i195"/><SoftUpperAttribute z:Ref="i194"/></URDFElement><URDFElement z:Id="i198" i:type="Mimic"><Attributes><Attribute z:Id="i199"><AttributeType>joint</AttributeType><IsRequired>true</IsRequired><Value i:nil="true"/></Attribute><Attribute z:Id="i200"><AttributeType>multiplier</AttributeType><IsRequired>false</IsRequired><Value i:nil="true"/></Attribute><Attribute z:Id="i201"><AttributeType>offset</AttributeType><IsRequired>false</IsRequired><Value i:nil="true"/></Attribute></Attributes><ChildElements/><ElementName>mimic</ElementName><required>false</required><JointNameAttribute z:Ref="i199"/><MultiplierAttribute z:Ref="i200"/><OffsetAttribute z:Ref="i201"/></URDFElement></ChildElements><ElementName>joint</ElementName><required>false</required><Axis z:Ref="i180"/><AxisName>J2 Axis</AxisName><Calibration z:Ref="i187"/><Child z:Ref="i178"/><CoordinateSystemName>J2 CS</CoordinateSystemName><Dynamics z:Ref="i190"/><Limit z:Ref="i182"/><Mimic z:Ref="i198"/><NameAttribute z:Ref="i171"/><Origin z:Ref="i173"/><Parent z:Ref="i176"/><Safety z:Ref="i193"/><TypeAttribute z:Ref="i172"/></URDFElement></ChildElements><ElementName>link</ElementName><required>true</required><Children/><Collision z:Ref="i163"/><Inertial z:Ref="i137"/><Joint z:Ref="i170"/><NameAttribute z:Ref="i136"/><Parent z:Ref="i68"/><STLQualityFine>false</STLQualityFine><SWComponentPIDs xmlns:a="http://schemas.microsoft.com/2003/10/Serialization/Arrays"><a:base64Binary>aEIAAAUAAAD//v82QwBhAG0AZQByAGEAIABCAGEAbABsACAAUwBjAG8AcABlACAAOAA5ACAAUABUAFoAIABDAGEAbQBlAHIAYQAtADEAQABTAGMAbwBwAGUAIAA4ADkAIABDAGEAbQBlAHIAYQAgAEEAcwBzAHkABAAAABAAAAABAAAAAQAAABwAAAA=</a:base64Binary></SWComponentPIDs><SWMainComponentPID i:nil="true"/><Visual z:Ref="i150"/><isFixedFrame>false</isFixedFrame><isIncomplete>false</isIncomplete></Link></Children><Collision z:Ref="i96"/><Inertial z:Ref="i70"/><Joint z:Ref="i103"/><NameAttribute z:Ref="i69"/><Parent z:Ref="i1"/><STLQualityFine>false</STLQualityFine><SWComponentPIDs xmlns:a="http://schemas.microsoft.com/2003/10/Serialization/Arrays"><a:base64Binary>aEIAAAUAAAD//v85QwBhAG0AZQByAGEAIABSAG8AdABhAHQAbwByACAAUwBjAG8AcABlACAAOAA5ACAAUABUAFoAIABDAGEAbQBlAHIAYQAtADEAQABTAGMAbwBwAGUAIAA4ADkAIABDAGEAbQBlAHIAYQAgAEEAcwBzAHkABAAAABAAAAABAAAAAQAAABsAAAA=</a:base64Binary><a:base64Binary>aEIAAAUAAAD//v82QwBhAG0AZQByAGEAIABCAGEAbABsACAAUwBjAG8AcABlACAAOAA5ACAAUABUAFoAIABDAGEAbQBlAHIAYQAtADEAQABTAGMAbwBwAGUAIAA4ADkAIABDAGEAbQBlAHIAYQAgAEEAcwBzAHkABAAAABAAAAABAAAAAQAAABwAAAA=</a:base64Binary></SWComponentPIDs><SWMainComponentPID i:nil="true"/><Visual z:Ref="i83"/><isFixedFrame>false</isFixedFrame><isIncomplete>false</isIncomplete></Link></Children><Collision z:Ref="i29"/><Inertial z:Ref="i3"/><Joint z:Ref="i36"/><NameAttribute z:Ref="i2"/><Parent i:nil="true"/><STLQualityFine>false</STLQualityFine><SWComponentPIDs xmlns:a="http://schemas.microsoft.com/2003/10/Serialization/Arrays"><a:base64Binary>aEIAAAUAAAD//v82QwBhAG0AZQByAGEAIABCAG8AZAB5ACAAUwBjAG8AcABlACAAOAA5ACAAUABUAFoAIABDAGEAbQBlAHIAYQAtADEAQABTAGMAbwBwAGUAIAA4ADkAIABDAGEAbQBlAHIAYQAgAEEAcwBzAHkABAAAABAAAAABAAAAAQAAABkAAAA=</a:base64Binary></SWComponentPIDs><SWMainComponentPID i:nil="true"/><Visual z:Ref="i16"/><isFixedFrame>false</isFixedFrame><isIncomplete>false</isIncomplete></Link>
2026-02-12 16:02:43,531 INFO  AssemblyExportForm.cs: 309 - Saving URDF package to Y:\Design\Hanford\Scope Camera URDF\Scope 89 Camera Assy.SLDASM
2026-02-12 16:02:43,533 INFO  ExportHelper.cs: 147 - Beginning the export process
2026-02-12 16:02:43,536 INFO  ExportHelper.cs: 153 - Creating package directories with name Scope 89 Camera Assy.SLDASM and save path Y:\Design\Hanford\Scope Camera URDF
2026-02-12 16:02:48,296 INFO  ExportHelper.cs: 162 - Creating CMakeLists.txt at Y:\Design\Hanford\Scope Camera URDF\Scope 89 Camera Assy.SLDASM\CMakeLists.txt
2026-02-12 16:02:48,348 INFO  ExportHelper.cs: 166 - Creating joint names config at Y:\Design\Hanford\Scope Camera URDF\Scope 89 Camera Assy.SLDASM\config\joint_names_Scope 89 Camera Assy.SLDASM.yaml
2026-02-12 16:02:48,413 INFO  ExportHelper.cs: 170 - Creating package.xml at Y:\Design\Hanford\Scope Camera URDF\Scope 89 Camera Assy.SLDASM\package.xml
2026-02-12 16:02:48,415 INFO  PackageXMLWriter.cs: 21 - Creating package.xml at Y:\Design\Hanford\Scope Camera URDF\Scope 89 Camera Assy.SLDASM\package.xml
2026-02-12 16:02:48,469 INFO  ExportHelper.cs: 177 - Creating RVIZ launch file in Y:\Design\Hanford\Scope Camera URDF\Scope 89 Camera Assy.SLDASM\launch\
2026-02-12 16:02:48,533 INFO  ExportHelper.cs: 182 - Creating Gazebo launch file in Y:\Design\Hanford\Scope Camera URDF\Scope 89 Camera Assy.SLDASM\launch\
2026-02-12 16:02:48,598 INFO  ExportHelper.cs: 187 - Saving existing STL preferences
2026-02-12 16:02:48,600 INFO  ExportHelper.cs: 450 - Saving users preferences
2026-02-12 16:02:48,602 INFO  ExportHelper.cs: 190 - Modifying STL preferences
2026-02-12 16:02:48,604 INFO  ExportHelper.cs: 464 - Setting STL preferences
2026-02-12 16:02:48,616 INFO  ExportHelper.cs: 196 - Found 0 hidden components 
2026-02-12 16:02:48,618 INFO  ExportHelper.cs: 197 - Hiding all components
2026-02-12 16:02:48,696 INFO  ExportHelper.cs: 204 - Beginning individual files export
2026-02-12 16:02:48,700 INFO  ExportHelper.cs: 270 - Exporting link: base_link
2026-02-12 16:02:48,701 INFO  ExportHelper.cs: 272 - Link base_link has 1 children
2026-02-12 16:02:48,703 INFO  ExportHelper.cs: 270 - Exporting link: Pan_Link
2026-02-12 16:02:48,703 INFO  ExportHelper.cs: 272 - Link Pan_Link has 1 children
2026-02-12 16:02:48,704 INFO  ExportHelper.cs: 270 - Exporting link: Tilt_Link
2026-02-12 16:02:48,704 INFO  ExportHelper.cs: 272 - Link Tilt_Link has 0 children
2026-02-12 16:02:48,705 INFO  ExportHelper.cs: 317 - Tilt_Link: Exporting STL with coordinate frame J2 CS
2026-02-12 16:02:48,715 INFO  ExportHelper.cs: 322 - Tilt_Link: Reference geometry name 
2026-02-12 16:02:48,762 INFO  ExportHelper.cs: 330 - Saving STL to Y:\Design\Hanford\Scope Camera URDF\Scope 89 Camera Assy.SLDASM\meshes\Tilt_Link.STL
2026-02-12 16:02:49,033 INFO  ExportHelper.cs: 405 - Removing SW header in STL file
2026-02-12 16:02:49,041 INFO  ExportHelper.cs: 317 - Pan_Link: Exporting STL with coordinate frame J1 CS
2026-02-12 16:02:49,042 INFO  ExportHelper.cs: 322 - Pan_Link: Reference geometry name 
2026-02-12 16:02:49,058 INFO  ExportHelper.cs: 330 - Saving STL to Y:\Design\Hanford\Scope Camera URDF\Scope 89 Camera Assy.SLDASM\meshes\Pan_Link.STL
2026-02-12 16:02:49,344 INFO  ExportHelper.cs: 405 - Removing SW header in STL file
2026-02-12 16:02:49,357 INFO  ExportHelper.cs: 317 - base_link: Exporting STL with coordinate frame Coordinate System3
2026-02-12 16:02:49,358 INFO  ExportHelper.cs: 322 - base_link: Reference geometry name 
2026-02-12 16:02:49,367 INFO  ExportHelper.cs: 330 - Saving STL to Y:\Design\Hanford\Scope Camera URDF\Scope 89 Camera Assy.SLDASM\meshes\base_link.STL
2026-02-12 16:02:49,548 INFO  ExportHelper.cs: 405 - Removing SW header in STL file
2026-02-12 16:02:49,561 INFO  ExportHelper.cs: 145 - Showing all components except previously hidden components
2026-02-12 16:02:49,581 INFO  ExportHelper.cs: 145 - Resetting STL preferences
2026-02-12 16:02:49,582 INFO  ExportHelper.cs: 478 - Returning STL preferences to user preferences
2026-02-12 16:02:49,583 INFO  ExportHelper.cs: 228 - Writing URDF file to Y:\Design\Hanford\Scope Camera URDF\Scope 89 Camera Assy.SLDASM\urdf\Scope 89 Camera Assy.SLDASM.urdf
2026-02-12 16:02:49,650 INFO  CSVImportExport.cs: 32 - Writing CSV file Y:\Design\Hanford\Scope Camera URDF\Scope 89 Camera Assy.SLDASM\urdf\Scope 89 Camera Assy.SLDASM.csv
2026-02-12 16:02:49,724 ERROR CSVImportExport.cs: 130 - The following columns were not written to the CSV: Link.Joint.ChildLink.link,
2026-02-12 16:02:49,725 ERROR CSVImportExport.cs: 130 - The following columns were not written to the CSV: Link.Joint.ChildLink.link,
2026-02-12 16:02:49,726 ERROR CSVImportExport.cs: 130 - The following columns were not written to the CSV: Link.Joint.ChildLink.link,
2026-02-12 16:02:49,740 INFO  ExportHelper.cs: 234 - Copying log file
2026-02-12 16:02:49,741 INFO  ExportHelper.cs: 439 - Copying C:\Users\DANDAP\sw2urdf_logs\sw2urdf.log to Y:\Design\Hanford\Scope Camera URDF\Scope 89 Camera Assy.SLDASM\export.log
